#
# A fatal error has been detected by the Java Runtime Environment:
#
#  EXCEPTION_ACCESS_VIOLATION (0xc0000005) at pc=0x00007ff9500ac818, pid=9364, tid=13640
#
# JRE version: Java(TM) SE Runtime Environment (14.0+36) (build 14+36-1461)
# Java VM: Java HotSpot(TM) 64-Bit Server VM (14+36-1461, mixed mode, sharing, tiered, compressed oops, g1 gc, windows-amd64)
# Problematic frame:
# V  [jvm.dll+0x37c818]
#
# No core dump will be written. Minidumps are not enabled by default on client versions of Windows
#
# If you would like to submit a bug report, please visit:
#   https://bugreport.java.com/bugreport/crash.jsp
#

---------------  S U M M A R Y ------------

Command Line: -Dfile.encoding=UTF-8 --module-path=C:\Users\User\Desktop\drugstore-main\drugstore-main\DrugStore\build\classes drugstore.DrugStore

Host: Intel(R) Core(TM) i7-6700 CPU @ 3.40GHz, 8 cores, 15G,  Windows 10 , 64 bit Build 19041 (10.0.19041.2546)
Time: Fri May  5 22:29:10 2023 SE Asia Standard Time elapsed time: 1 seconds (0d 0h 0m 1s)

---------------  T H R E A D  ---------------

Current thread (0x00000231b2eda800):  JavaThread "main" [_thread_in_vm, id=13640, stack(0x0000009ff9100000,0x0000009ff9200000)]

Stack: [0x0000009ff9100000,0x0000009ff9200000],  sp=0x0000009ff91fe8d0,  free space=1018k
Native frames: (J=compiled Java code, j=interpreted, Vv=VM code, C=native code)
V  [jvm.dll+0x37c818]
C  [sqljdbc_auth.dll+0x6777]

Java frames: (J=compiled Java code, j=interpreted, Vv=VM code)
j  com.microsoft.sqlserver.jdbc.AuthenticationJNI.SNISecGenClientContext([B[I[BI[B[I[ZLjava/lang/String;Ljava/lang/String;Ljava/lang/String;Ljava/util/logging/Logger;)I+0
j  com.microsoft.sqlserver.jdbc.AuthenticationJNI.GenerateClientContext([BI[B[I[Z)I+24
j  com.microsoft.sqlserver.jdbc.SQLServerConnection.SSPIData([B[B[I[ZLcom/microsoft/sqlserver/jdbc/AuthenticationJNI;)V+13
j  com.microsoft.sqlserver.jdbc.SQLServerConnection.sendLogon(Lcom/microsoft/sqlserver/jdbc/SQLServerConnection$LogonCommand;Lcom/microsoft/sqlserver/jdbc/AuthenticationJNI;)V+155
j  com.microsoft.sqlserver.jdbc.SQLServerConnection.logon(Lcom/microsoft/sqlserver/jdbc/SQLServerConnection$LogonCommand;)V+20
j  com.microsoft.sqlserver.jdbc.SQLServerConnection.access$000(Lcom/microsoft/sqlserver/jdbc/SQLServerConnection;Lcom/microsoft/sqlserver/jdbc/SQLServerConnection$LogonCommand;)V+2
j  com.microsoft.sqlserver.jdbc.SQLServerConnection$LogonCommand.doExecute()Z+5
j  com.microsoft.sqlserver.jdbc.TDSCommand.execute(Lcom/microsoft/sqlserver/jdbc/TDSWriter;Lcom/microsoft/sqlserver/jdbc/TDSReader;)Z+30
j  com.microsoft.sqlserver.jdbc.SQLServerConnection.executeCommand(Lcom/microsoft/sqlserver/jdbc/TDSCommand;)Z+45
j  com.microsoft.sqlserver.jdbc.SQLServerConnection.connectHelper(Lcom/microsoft/sqlserver/jdbc/ServerPortPlaceHolder;II)V+284
j  com.microsoft.sqlserver.jdbc.SQLServerConnection.login(Ljava/lang/String;Ljava/lang/String;ILjava/lang/String;Lcom/microsoft/sqlserver/jdbc/FailoverInfo;IJ)V+399
j  com.microsoft.sqlserver.jdbc.SQLServerConnection.connect(Ljava/util/Properties;Lcom/microsoft/sqlserver/jdbc/SQLServerPooledConnection;)Ljava/sql/Connection;+1929
j  com.microsoft.sqlserver.jdbc.SQLServerDriver.connect(Ljava/lang/String;Ljava/util/Properties;)Ljava/sql/Connection;+45
j  java.sql.DriverManager.getConnection(Ljava/lang/String;Ljava/util/Properties;Ljava/lang/Class;)Ljava/sql/Connection;+131 java.sql@14
j  java.sql.DriverManager.getConnection(Ljava/lang/String;)Ljava/sql/Connection;+13 java.sql@14
j  drugstoreController.ConnectionDB.getConnection()Ljava/sql/Connection;+12
j  drugstore.layout.formQuanLy.loadTable()V+5
j  drugstore.layout.formQuanLy.<init>()V+81
j  drugstore.DrugStore.main([Ljava/lang/String;)V+4
v  ~StubRoutines::call_stub

siginfo: EXCEPTION_ACCESS_VIOLATION (0xc0000005), reading address 0x000001bfc88b4907


Register to memory mapping:

RIP=0x00007ff9500ac818 jvm.dll
RAX=0x000001bfc88b48ff is an unknown value
RBX=0x00000231b2eda800 is a thread
RCX=0x00000231b2eda820 points into unknown readable memory: 38 3c 5d 50 f9 7f 00 00
RDX=0x0000000000000002 is an unknown value
RSP=0x0000009ff91fe8d0 is pointing into the stack for thread: 0x00000231b2eda800
RBP=0x00007ff9502e28bf jvm.dll
RSI=0x00007ff9502e2800 jvm.dll
RDI=0x00000231b2eda800 is a thread
R8 =0x000001bfc88b48ff is an unknown value
R9 =0x0 is NULL
R10=0x00007ff98db9d110 sqljdbc_auth.dll
R11=0x000000070f770de8 is pointing into object: [B 
{0x000000070f770dd8} - klass: {type array byte}
 - length: 47
R12=0x0000009ff91fec78 is pointing into the stack for thread: 0x00000231b2eda800
R13=0x0 is NULL
R14=0x0 is NULL
R15=0x00000231b2edab10 points into unknown readable memory: a0 2a 6f 50 f9 7f 00 00


Registers:
RAX=0x000001bfc88b48ff, RBX=0x00000231b2eda800, RCX=0x00000231b2eda820, RDX=0x0000000000000002
RSP=0x0000009ff91fe8d0, RBP=0x00007ff9502e28bf, RSI=0x00007ff9502e2800, RDI=0x00000231b2eda800
R8 =0x000001bfc88b48ff, R9 =0x0000000000000000, R10=0x00007ff98db9d110, R11=0x000000070f770de8
R12=0x0000009ff91fec78, R13=0x0000000000000000, R14=0x0000000000000000, R15=0x00000231b2edab10
RIP=0x00007ff9500ac818, EFLAGS=0x0000000000010202

Top of Stack: (sp=0x0000009ff91fe8d0)
0x0000009ff91fe8d0:   00000231b2eda800 00000231b2edab10
0x0000009ff91fe8e0:   00000231b2eda800 0000009ff91fea00
0x0000009ff91fe8f0:   00000231b2eda800 0000000000000000
0x0000009ff91fe900:   0000000000000000 0000000000000000
0x0000009ff91fe910:   0000000000000000 0000009ff91fec70
0x0000009ff91fe920:   00000231d6bb3130 00007ff98db76777
0x0000009ff91fe930:   00000231b2edab10 0000009ff91fea30
0x0000009ff91fe940:   00007ff9502e28bf 0000000000000000
0x0000009ff91fe950:   0000000000000000 0000000000000000
0x0000009ff91fe960:   0000000000000000 0000000000000000
0x0000009ff91fe970:   0000023102000000 0000009ff91fe880
0x0000009ff91fe980:   0000000000000000 0000000000000000
0x0000009ff91fe990:   0000000000000000 0000000000000000
0x0000009ff91fe9a0:   0000009f00000000 0000000000000000
0x0000009ff91fe9b0:   0000000000000000 0000000000000000
0x0000009ff91fe9c0:   0000009ff91fec40 0000000000000000 

Instructions: (pc=0x00007ff9500ac818)
0x00007ff9500ac718:   c4 b0 00 00 00 41 5e 5f 5e 5d 5b c3 cc cc cc cc
0x00007ff9500ac728:   cc cc cc cc cc cc cc cc 48 89 5c 24 08 48 89 6c
0x00007ff9500ac738:   24 10 48 89 74 24 18 57 41 56 41 57 48 83 ec 40
0x00007ff9500ac748:   8b 81 88 00 00 00 48 8d b9 f0 fc ff ff 05 55 21
0x00007ff9500ac758:   ff ff 48 8b ea 4c 8b f9 83 f8 01 76 0d 48 8b cf
0x00007ff9500ac768:   40 b6 01 e8 50 30 38 00 eb 03 40 32 f6 45 33 f6
0x00007ff9500ac778:   40 84 f6 41 8b de 48 0f 44 df c7 83 80 03 00 00
0x00007ff9500ac788:   05 00 00 00 e8 ef d8 26 00 48 8b 03 48 8b cb ff
0x00007ff9500ac798:   50 38 84 c0 74 0e 48 8b 83 10 01 00 00 c0 e8 03
0x00007ff9500ac7a8:   24 01 eb 0b 8b 05 ce f0 6d 00 85 c0 0f 95 c0 84
0x00007ff9500ac7b8:   c0 75 0d 8b 83 e0 00 00 00 a9 04 00 00 20 74 08
0x00007ff9500ac7c8:   48 8b cb e8 90 36 38 00 c7 83 80 03 00 00 06 00
0x00007ff9500ac7d8:   00 00 48 89 5c 24 20 4c 89 74 24 28 4c 39 73 08
0x00007ff9500ac7e8:   74 0a 48 8d 4c 24 20 e8 fc 62 2a 00 40 f6 c5 01
0x00007ff9500ac7f8:   74 0c 48 8d 4d ff ff 15 34 39 64 00 eb 09 48 8b
0x00007ff9500ac808:   cd ff 15 f9 b7 63 00 44 38 35 cb 48 6c 00 74 15
0x00007ff9500ac818:   8b 40 08 8b 0d 7f 3b 64 00 48 d3 e0 48 03 05 6d
0x00007ff9500ac828:   3b 64 00 eb 04 48 8b 40 08 48 8b 48 70 48 85 c9
0x00007ff9500ac838:   74 09 ff 15 c8 b7 63 00 4c 8b f0 49 8b d6 49 8b
0x00007ff9500ac848:   cf e8 e2 55 03 00 48 83 7c 24 28 00 48 8b f0 74
0x00007ff9500ac858:   0a 48 8d 4c 24 20 e8 2d 63 2a 00 48 8b bb f8 00
0x00007ff9500ac868:   00 00 48 8b 4f 10 48 83 39 00 74 0c 48 8b cf e8
0x00007ff9500ac878:   c4 6d f8 ff 48 8b 4f 10 48 8b 47 08 48 89 48 10
0x00007ff9500ac888:   48 8b 4f 08 48 8b 47 18 48 89 41 18 48 8b 4f 08
0x00007ff9500ac898:   48 8b 47 20 48 89 41 20 c7 83 80 03 00 00 07 00
0x00007ff9500ac8a8:   00 00 e8 d1 d7 26 00 48 8b 83 10 01 00 00 c0 e8
0x00007ff9500ac8b8:   03 a8 01 74 08 48 8b cb e8 eb d5 2d 00 48 8b 6c
0x00007ff9500ac8c8:   24 68 48 8b c6 48 8b 74 24 70 c7 83 80 03 00 00
0x00007ff9500ac8d8:   04 00 00 00 48 8b 5c 24 60 48 83 c4 40 41 5f 41
0x00007ff9500ac8e8:   5e 5f c3 cc cc cc cc cc 48 89 5c 24 08 48 89 6c
0x00007ff9500ac8f8:   24 10 48 89 74 24 18 48 89 7c 24 20 41 56 48 83
0x00007ff9500ac908:   ec 20 8b 81 88 00 00 00 48 8d b9 f0 fc ff ff 05 


Stack slot to memory mapping:
stack at sp + 0 slots: 0x00000231b2eda800 is a thread
stack at sp + 1 slots: 0x00000231b2edab10 points into unknown readable memory: a0 2a 6f 50 f9 7f 00 00
stack at sp + 2 slots: 0x00000231b2eda800 is a thread
stack at sp + 3 slots: 0x0000009ff91fea00 is pointing into the stack for thread: 0x00000231b2eda800
stack at sp + 4 slots: 0x00000231b2eda800 is a thread
stack at sp + 5 slots: 0x0 is NULL
stack at sp + 6 slots: 0x0 is NULL
stack at sp + 7 slots: 0x0 is NULL


---------------  P R O C E S S  ---------------

Threads class SMR info:
_java_thread_list=0x00000231df38c500, length=18, elements={
0x00000231b2eda800, 0x00000231d7589800, 0x00000231d758a800, 0x00000231d75a0800,
0x00000231d75a3800, 0x00000231d75a4800, 0x00000231d75a6800, 0x00000231d75aa000,
0x00000231d75bd800, 0x00000231d76d7000, 0x00000231d773c800, 0x00000231d7bdd000,
0x00000231d7bde000, 0x00000231d7c3e800, 0x00000231d832e000, 0x00000231decb7800,
0x00000231decd9000, 0x00000231df4da000
}

Java Threads: ( => current thread )
=>0x00000231b2eda800 JavaThread "main" [_thread_in_vm, id=13640, stack(0x0000009ff9100000,0x0000009ff9200000)]
  0x00000231d7589800 JavaThread "Reference Handler" daemon [_thread_blocked, id=14888, stack(0x0000009ff9800000,0x0000009ff9900000)]
  0x00000231d758a800 JavaThread "Finalizer" daemon [_thread_blocked, id=7288, stack(0x0000009ff9900000,0x0000009ff9a00000)]
  0x00000231d75a0800 JavaThread "Signal Dispatcher" daemon [_thread_blocked, id=13812, stack(0x0000009ff9a00000,0x0000009ff9b00000)]
  0x00000231d75a3800 JavaThread "Attach Listener" daemon [_thread_blocked, id=13644, stack(0x0000009ff9b00000,0x0000009ff9c00000)]
  0x00000231d75a4800 JavaThread "Service Thread" daemon [_thread_blocked, id=14172, stack(0x0000009ff9c00000,0x0000009ff9d00000)]
  0x00000231d75a6800 JavaThread "C2 CompilerThread0" daemon [_thread_blocked, id=11628, stack(0x0000009ff9d00000,0x0000009ff9e00000)]
  0x00000231d75aa000 JavaThread "C1 CompilerThread0" daemon [_thread_blocked, id=12964, stack(0x0000009ff9e00000,0x0000009ff9f00000)]
  0x00000231d75bd800 JavaThread "Sweeper thread" daemon [_thread_blocked, id=14780, stack(0x0000009ff9f00000,0x0000009ffa000000)]
  0x00000231d76d7000 JavaThread "Common-Cleaner" daemon [_thread_blocked, id=13492, stack(0x0000009ffa000000,0x0000009ffa100000)]
  0x00000231d773c800 JavaThread "Notification Thread" daemon [_thread_blocked, id=8600, stack(0x0000009ffa100000,0x0000009ffa200000)]
  0x00000231d7bdd000 JavaThread "Java2D Disposer" daemon [_thread_blocked, id=3108, stack(0x0000009ffa300000,0x0000009ffa400000)]
  0x00000231d7bde000 JavaThread "AWT-Shutdown" [_thread_blocked, id=10120, stack(0x0000009ffa400000,0x0000009ffa500000)]
  0x00000231d7c3e800 JavaThread "AWT-Windows" daemon [_thread_in_native, id=12248, stack(0x0000009ffa500000,0x0000009ffa600000)]
  0x00000231d832e000 JavaThread "AWT-EventQueue-0" [_thread_blocked, id=5132, stack(0x0000009ffa800000,0x0000009ffa900000)]
  0x00000231decb7800 JavaThread "Image Fetcher 0" daemon [_thread_blocked, id=5188, stack(0x0000009ffa900000,0x0000009ffaa00000)]
  0x00000231decd9000 JavaThread "C2 CompilerThread1" daemon [_thread_blocked, id=15192, stack(0x0000009ffaa00000,0x0000009ffab00000)]
  0x00000231df4da000 JavaThread "C2 CompilerThread2" daemon [_thread_blocked, id=4680, stack(0x0000009ffaf00000,0x0000009ffb000000)]

Other Threads:
  0x00000231d7582800 VMThread "VM Thread" [stack: 0x0000009ff9700000,0x0000009ff9800000] [id=13660]
  0x00000231d773e000 WatcherThread [stack: 0x0000009ffa200000,0x0000009ffa300000] [id=9800]
  0x00000231b2f40000 GCTaskThread "GC Thread#0" [stack: 0x0000009ff9200000,0x0000009ff9300000] [id=4088]
  0x00000231b2f63000 ConcurrentGCThread "G1 Main Marker" [stack: 0x0000009ff9300000,0x0000009ff9400000] [id=7904]
  0x00000231b2f65000 ConcurrentGCThread "G1 Conc#0" [stack: 0x0000009ff9400000,0x0000009ff9500000] [id=1136]
  0x00000231d6be9800 ConcurrentGCThread "G1 Refine#0" [stack: 0x0000009ff9500000,0x0000009ff9600000] [id=12432]
  0x00000231d6bea800 ConcurrentGCThread "G1 Young RemSet Sampling" [stack: 0x0000009ff9600000,0x0000009ff9700000] [id=7564]

Threads with active compile tasks:

VM state:not at safepoint (normal execution)

VM Mutex/Monitor currently owned by a thread: None

Heap address: 0x0000000700c00000, size: 4084 MB, Compressed Oops mode: Zero based, Oop shift amount: 3
Narrow klass base: 0x0000000800000000, Narrow klass shift: 3
Compressed class space size: 1073741824 Address: 0x0000000800b30000

Heap:
 garbage-first heap   total 262144K, used 20480K [0x0000000700c00000, 0x0000000800000000)
  region size 1024K, 21 young (21504K), 0 survivors (0K)
 Metaspace       used 17509K, capacity 17953K, committed 18176K, reserved 1064960K
  class space    used 2050K, capacity 2253K, committed 2304K, reserved 1048576K
Heap Regions: E=young(eden), S=young(survivor), O=old, HS=humongous(starts), HC=humongous(continues), CS=collection set, F=free, OA=open archive, CA=closed archive, TAMS=top-at-mark-start (previous, next)
|   0|0x0000000700c00000, 0x0000000700c00000, 0x0000000700d00000|  0%| F|  |TAMS 0x0000000700c00000, 0x0000000700c00000| Untracked 
|   1|0x0000000700d00000, 0x0000000700d00000, 0x0000000700e00000|  0%| F|  |TAMS 0x0000000700d00000, 0x0000000700d00000| Untracked 
|   2|0x0000000700e00000, 0x0000000700e00000, 0x0000000700f00000|  0%| F|  |TAMS 0x0000000700e00000, 0x0000000700e00000| Untracked 
|   3|0x0000000700f00000, 0x0000000700f00000, 0x0000000701000000|  0%| F|  |TAMS 0x0000000700f00000, 0x0000000700f00000| Untracked 
|   4|0x0000000701000000, 0x0000000701000000, 0x0000000701100000|  0%| F|  |TAMS 0x0000000701000000, 0x0000000701000000| Untracked 
|   5|0x0000000701100000, 0x0000000701100000, 0x0000000701200000|  0%| F|  |TAMS 0x0000000701100000, 0x0000000701100000| Untracked 
|   6|0x0000000701200000, 0x0000000701200000, 0x0000000701300000|  0%| F|  |TAMS 0x0000000701200000, 0x0000000701200000| Untracked 
|   7|0x0000000701300000, 0x0000000701300000, 0x0000000701400000|  0%| F|  |TAMS 0x0000000701300000, 0x0000000701300000| Untracked 
|   8|0x0000000701400000, 0x0000000701400000, 0x0000000701500000|  0%| F|  |TAMS 0x0000000701400000, 0x0000000701400000| Untracked 
|   9|0x0000000701500000, 0x0000000701500000, 0x0000000701600000|  0%| F|  |TAMS 0x0000000701500000, 0x0000000701500000| Untracked 
|  10|0x0000000701600000, 0x0000000701600000, 0x0000000701700000|  0%| F|  |TAMS 0x0000000701600000, 0x0000000701600000| Untracked 
|  11|0x0000000701700000, 0x0000000701700000, 0x0000000701800000|  0%| F|  |TAMS 0x0000000701700000, 0x0000000701700000| Untracked 
|  12|0x0000000701800000, 0x0000000701800000, 0x0000000701900000|  0%| F|  |TAMS 0x0000000701800000, 0x0000000701800000| Untracked 
|  13|0x0000000701900000, 0x0000000701900000, 0x0000000701a00000|  0%| F|  |TAMS 0x0000000701900000, 0x0000000701900000| Untracked 
|  14|0x0000000701a00000, 0x0000000701a00000, 0x0000000701b00000|  0%| F|  |TAMS 0x0000000701a00000, 0x0000000701a00000| Untracked 
|  15|0x0000000701b00000, 0x0000000701b00000, 0x0000000701c00000|  0%| F|  |TAMS 0x0000000701b00000, 0x0000000701b00000| Untracked 
|  16|0x0000000701c00000, 0x0000000701c00000, 0x0000000701d00000|  0%| F|  |TAMS 0x0000000701c00000, 0x0000000701c00000| Untracked 
|  17|0x0000000701d00000, 0x0000000701d00000, 0x0000000701e00000|  0%| F|  |TAMS 0x0000000701d00000, 0x0000000701d00000| Untracked 
|  18|0x0000000701e00000, 0x0000000701e00000, 0x0000000701f00000|  0%| F|  |TAMS 0x0000000701e00000, 0x0000000701e00000| Untracked 
|  19|0x0000000701f00000, 0x0000000701f00000, 0x0000000702000000|  0%| F|  |TAMS 0x0000000701f00000, 0x0000000701f00000| Untracked 
|  20|0x0000000702000000, 0x0000000702000000, 0x0000000702100000|  0%| F|  |TAMS 0x0000000702000000, 0x0000000702000000| Untracked 
|  21|0x0000000702100000, 0x0000000702100000, 0x0000000702200000|  0%| F|  |TAMS 0x0000000702100000, 0x0000000702100000| Untracked 
|  22|0x0000000702200000, 0x0000000702200000, 0x0000000702300000|  0%| F|  |TAMS 0x0000000702200000, 0x0000000702200000| Untracked 
|  23|0x0000000702300000, 0x0000000702300000, 0x0000000702400000|  0%| F|  |TAMS 0x0000000702300000, 0x0000000702300000| Untracked 
|  24|0x0000000702400000, 0x0000000702400000, 0x0000000702500000|  0%| F|  |TAMS 0x0000000702400000, 0x0000000702400000| Untracked 
|  25|0x0000000702500000, 0x0000000702500000, 0x0000000702600000|  0%| F|  |TAMS 0x0000000702500000, 0x0000000702500000| Untracked 
|  26|0x0000000702600000, 0x0000000702600000, 0x0000000702700000|  0%| F|  |TAMS 0x0000000702600000, 0x0000000702600000| Untracked 
|  27|0x0000000702700000, 0x0000000702700000, 0x0000000702800000|  0%| F|  |TAMS 0x0000000702700000, 0x0000000702700000| Untracked 
|  28|0x0000000702800000, 0x0000000702800000, 0x0000000702900000|  0%| F|  |TAMS 0x0000000702800000, 0x0000000702800000| Untracked 
|  29|0x0000000702900000, 0x0000000702900000, 0x0000000702a00000|  0%| F|  |TAMS 0x0000000702900000, 0x0000000702900000| Untracked 
|  30|0x0000000702a00000, 0x0000000702a00000, 0x0000000702b00000|  0%| F|  |TAMS 0x0000000702a00000, 0x0000000702a00000| Untracked 
|  31|0x0000000702b00000, 0x0000000702b00000, 0x0000000702c00000|  0%| F|  |TAMS 0x0000000702b00000, 0x0000000702b00000| Untracked 
|  32|0x0000000702c00000, 0x0000000702c00000, 0x0000000702d00000|  0%| F|  |TAMS 0x0000000702c00000, 0x0000000702c00000| Untracked 
|  33|0x0000000702d00000, 0x0000000702d00000, 0x0000000702e00000|  0%| F|  |TAMS 0x0000000702d00000, 0x0000000702d00000| Untracked 
|  34|0x0000000702e00000, 0x0000000702e00000, 0x0000000702f00000|  0%| F|  |TAMS 0x0000000702e00000, 0x0000000702e00000| Untracked 
|  35|0x0000000702f00000, 0x0000000702f00000, 0x0000000703000000|  0%| F|  |TAMS 0x0000000702f00000, 0x0000000702f00000| Untracked 
|  36|0x0000000703000000, 0x0000000703000000, 0x0000000703100000|  0%| F|  |TAMS 0x0000000703000000, 0x0000000703000000| Untracked 
|  37|0x0000000703100000, 0x0000000703100000, 0x0000000703200000|  0%| F|  |TAMS 0x0000000703100000, 0x0000000703100000| Untracked 
|  38|0x0000000703200000, 0x0000000703200000, 0x0000000703300000|  0%| F|  |TAMS 0x0000000703200000, 0x0000000703200000| Untracked 
|  39|0x0000000703300000, 0x0000000703300000, 0x0000000703400000|  0%| F|  |TAMS 0x0000000703300000, 0x0000000703300000| Untracked 
|  40|0x0000000703400000, 0x0000000703400000, 0x0000000703500000|  0%| F|  |TAMS 0x0000000703400000, 0x0000000703400000| Untracked 
|  41|0x0000000703500000, 0x0000000703500000, 0x0000000703600000|  0%| F|  |TAMS 0x0000000703500000, 0x0000000703500000| Untracked 
|  42|0x0000000703600000, 0x0000000703600000, 0x0000000703700000|  0%| F|  |TAMS 0x0000000703600000, 0x0000000703600000| Untracked 
|  43|0x0000000703700000, 0x0000000703700000, 0x0000000703800000|  0%| F|  |TAMS 0x0000000703700000, 0x0000000703700000| Untracked 
|  44|0x0000000703800000, 0x0000000703800000, 0x0000000703900000|  0%| F|  |TAMS 0x0000000703800000, 0x0000000703800000| Untracked 
|  45|0x0000000703900000, 0x0000000703900000, 0x0000000703a00000|  0%| F|  |TAMS 0x0000000703900000, 0x0000000703900000| Untracked 
|  46|0x0000000703a00000, 0x0000000703a00000, 0x0000000703b00000|  0%| F|  |TAMS 0x0000000703a00000, 0x0000000703a00000| Untracked 
|  47|0x0000000703b00000, 0x0000000703b00000, 0x0000000703c00000|  0%| F|  |TAMS 0x0000000703b00000, 0x0000000703b00000| Untracked 
|  48|0x0000000703c00000, 0x0000000703c00000, 0x0000000703d00000|  0%| F|  |TAMS 0x0000000703c00000, 0x0000000703c00000| Untracked 
|  49|0x0000000703d00000, 0x0000000703d00000, 0x0000000703e00000|  0%| F|  |TAMS 0x0000000703d00000, 0x0000000703d00000| Untracked 
|  50|0x0000000703e00000, 0x0000000703e00000, 0x0000000703f00000|  0%| F|  |TAMS 0x0000000703e00000, 0x0000000703e00000| Untracked 
|  51|0x0000000703f00000, 0x0000000703f00000, 0x0000000704000000|  0%| F|  |TAMS 0x0000000703f00000, 0x0000000703f00000| Untracked 
|  52|0x0000000704000000, 0x0000000704000000, 0x0000000704100000|  0%| F|  |TAMS 0x0000000704000000, 0x0000000704000000| Untracked 
|  53|0x0000000704100000, 0x0000000704100000, 0x0000000704200000|  0%| F|  |TAMS 0x0000000704100000, 0x0000000704100000| Untracked 
|  54|0x0000000704200000, 0x0000000704200000, 0x0000000704300000|  0%| F|  |TAMS 0x0000000704200000, 0x0000000704200000| Untracked 
|  55|0x0000000704300000, 0x0000000704300000, 0x0000000704400000|  0%| F|  |TAMS 0x0000000704300000, 0x0000000704300000| Untracked 
|  56|0x0000000704400000, 0x0000000704400000, 0x0000000704500000|  0%| F|  |TAMS 0x0000000704400000, 0x0000000704400000| Untracked 
|  57|0x0000000704500000, 0x0000000704500000, 0x0000000704600000|  0%| F|  |TAMS 0x0000000704500000, 0x0000000704500000| Untracked 
|  58|0x0000000704600000, 0x0000000704600000, 0x0000000704700000|  0%| F|  |TAMS 0x0000000704600000, 0x0000000704600000| Untracked 
|  59|0x0000000704700000, 0x0000000704700000, 0x0000000704800000|  0%| F|  |TAMS 0x0000000704700000, 0x0000000704700000| Untracked 
|  60|0x0000000704800000, 0x0000000704800000, 0x0000000704900000|  0%| F|  |TAMS 0x0000000704800000, 0x0000000704800000| Untracked 
|  61|0x0000000704900000, 0x0000000704900000, 0x0000000704a00000|  0%| F|  |TAMS 0x0000000704900000, 0x0000000704900000| Untracked 
|  62|0x0000000704a00000, 0x0000000704a00000, 0x0000000704b00000|  0%| F|  |TAMS 0x0000000704a00000, 0x0000000704a00000| Untracked 
|  63|0x0000000704b00000, 0x0000000704b00000, 0x0000000704c00000|  0%| F|  |TAMS 0x0000000704b00000, 0x0000000704b00000| Untracked 
|  64|0x0000000704c00000, 0x0000000704c00000, 0x0000000704d00000|  0%| F|  |TAMS 0x0000000704c00000, 0x0000000704c00000| Untracked 
|  65|0x0000000704d00000, 0x0000000704d00000, 0x0000000704e00000|  0%| F|  |TAMS 0x0000000704d00000, 0x0000000704d00000| Untracked 
|  66|0x0000000704e00000, 0x0000000704e00000, 0x0000000704f00000|  0%| F|  |TAMS 0x0000000704e00000, 0x0000000704e00000| Untracked 
|  67|0x0000000704f00000, 0x0000000704f00000, 0x0000000705000000|  0%| F|  |TAMS 0x0000000704f00000, 0x0000000704f00000| Untracked 
|  68|0x0000000705000000, 0x0000000705000000, 0x0000000705100000|  0%| F|  |TAMS 0x0000000705000000, 0x0000000705000000| Untracked 
|  69|0x0000000705100000, 0x0000000705100000, 0x0000000705200000|  0%| F|  |TAMS 0x0000000705100000, 0x0000000705100000| Untracked 
|  70|0x0000000705200000, 0x0000000705200000, 0x0000000705300000|  0%| F|  |TAMS 0x0000000705200000, 0x0000000705200000| Untracked 
|  71|0x0000000705300000, 0x0000000705300000, 0x0000000705400000|  0%| F|  |TAMS 0x0000000705300000, 0x0000000705300000| Untracked 
|  72|0x0000000705400000, 0x0000000705400000, 0x0000000705500000|  0%| F|  |TAMS 0x0000000705400000, 0x0000000705400000| Untracked 
|  73|0x0000000705500000, 0x0000000705500000, 0x0000000705600000|  0%| F|  |TAMS 0x0000000705500000, 0x0000000705500000| Untracked 
|  74|0x0000000705600000, 0x0000000705600000, 0x0000000705700000|  0%| F|  |TAMS 0x0000000705600000, 0x0000000705600000| Untracked 
|  75|0x0000000705700000, 0x0000000705700000, 0x0000000705800000|  0%| F|  |TAMS 0x0000000705700000, 0x0000000705700000| Untracked 
|  76|0x0000000705800000, 0x0000000705800000, 0x0000000705900000|  0%| F|  |TAMS 0x0000000705800000, 0x0000000705800000| Untracked 
|  77|0x0000000705900000, 0x0000000705900000, 0x0000000705a00000|  0%| F|  |TAMS 0x0000000705900000, 0x0000000705900000| Untracked 
|  78|0x0000000705a00000, 0x0000000705a00000, 0x0000000705b00000|  0%| F|  |TAMS 0x0000000705a00000, 0x0000000705a00000| Untracked 
|  79|0x0000000705b00000, 0x0000000705b00000, 0x0000000705c00000|  0%| F|  |TAMS 0x0000000705b00000, 0x0000000705b00000| Untracked 
|  80|0x0000000705c00000, 0x0000000705c00000, 0x0000000705d00000|  0%| F|  |TAMS 0x0000000705c00000, 0x0000000705c00000| Untracked 
|  81|0x0000000705d00000, 0x0000000705d00000, 0x0000000705e00000|  0%| F|  |TAMS 0x0000000705d00000, 0x0000000705d00000| Untracked 
|  82|0x0000000705e00000, 0x0000000705e00000, 0x0000000705f00000|  0%| F|  |TAMS 0x0000000705e00000, 0x0000000705e00000| Untracked 
|  83|0x0000000705f00000, 0x0000000705f00000, 0x0000000706000000|  0%| F|  |TAMS 0x0000000705f00000, 0x0000000705f00000| Untracked 
|  84|0x0000000706000000, 0x0000000706000000, 0x0000000706100000|  0%| F|  |TAMS 0x0000000706000000, 0x0000000706000000| Untracked 
|  85|0x0000000706100000, 0x0000000706100000, 0x0000000706200000|  0%| F|  |TAMS 0x0000000706100000, 0x0000000706100000| Untracked 
|  86|0x0000000706200000, 0x0000000706200000, 0x0000000706300000|  0%| F|  |TAMS 0x0000000706200000, 0x0000000706200000| Untracked 
|  87|0x0000000706300000, 0x0000000706300000, 0x0000000706400000|  0%| F|  |TAMS 0x0000000706300000, 0x0000000706300000| Untracked 
|  88|0x0000000706400000, 0x0000000706400000, 0x0000000706500000|  0%| F|  |TAMS 0x0000000706400000, 0x0000000706400000| Untracked 
|  89|0x0000000706500000, 0x0000000706500000, 0x0000000706600000|  0%| F|  |TAMS 0x0000000706500000, 0x0000000706500000| Untracked 
|  90|0x0000000706600000, 0x0000000706600000, 0x0000000706700000|  0%| F|  |TAMS 0x0000000706600000, 0x0000000706600000| Untracked 
|  91|0x0000000706700000, 0x0000000706700000, 0x0000000706800000|  0%| F|  |TAMS 0x0000000706700000, 0x0000000706700000| Untracked 
|  92|0x0000000706800000, 0x0000000706800000, 0x0000000706900000|  0%| F|  |TAMS 0x0000000706800000, 0x0000000706800000| Untracked 
|  93|0x0000000706900000, 0x0000000706900000, 0x0000000706a00000|  0%| F|  |TAMS 0x0000000706900000, 0x0000000706900000| Untracked 
|  94|0x0000000706a00000, 0x0000000706a00000, 0x0000000706b00000|  0%| F|  |TAMS 0x0000000706a00000, 0x0000000706a00000| Untracked 
|  95|0x0000000706b00000, 0x0000000706b00000, 0x0000000706c00000|  0%| F|  |TAMS 0x0000000706b00000, 0x0000000706b00000| Untracked 
|  96|0x0000000706c00000, 0x0000000706c00000, 0x0000000706d00000|  0%| F|  |TAMS 0x0000000706c00000, 0x0000000706c00000| Untracked 
|  97|0x0000000706d00000, 0x0000000706d00000, 0x0000000706e00000|  0%| F|  |TAMS 0x0000000706d00000, 0x0000000706d00000| Untracked 
|  98|0x0000000706e00000, 0x0000000706e00000, 0x0000000706f00000|  0%| F|  |TAMS 0x0000000706e00000, 0x0000000706e00000| Untracked 
|  99|0x0000000706f00000, 0x0000000706f00000, 0x0000000707000000|  0%| F|  |TAMS 0x0000000706f00000, 0x0000000706f00000| Untracked 
| 100|0x0000000707000000, 0x0000000707000000, 0x0000000707100000|  0%| F|  |TAMS 0x0000000707000000, 0x0000000707000000| Untracked 
| 101|0x0000000707100000, 0x0000000707100000, 0x0000000707200000|  0%| F|  |TAMS 0x0000000707100000, 0x0000000707100000| Untracked 
| 102|0x0000000707200000, 0x0000000707200000, 0x0000000707300000|  0%| F|  |TAMS 0x0000000707200000, 0x0000000707200000| Untracked 
| 103|0x0000000707300000, 0x0000000707300000, 0x0000000707400000|  0%| F|  |TAMS 0x0000000707300000, 0x0000000707300000| Untracked 
| 104|0x0000000707400000, 0x0000000707400000, 0x0000000707500000|  0%| F|  |TAMS 0x0000000707400000, 0x0000000707400000| Untracked 
| 105|0x0000000707500000, 0x0000000707500000, 0x0000000707600000|  0%| F|  |TAMS 0x0000000707500000, 0x0000000707500000| Untracked 
| 106|0x0000000707600000, 0x0000000707600000, 0x0000000707700000|  0%| F|  |TAMS 0x0000000707600000, 0x0000000707600000| Untracked 
| 107|0x0000000707700000, 0x0000000707700000, 0x0000000707800000|  0%| F|  |TAMS 0x0000000707700000, 0x0000000707700000| Untracked 
| 108|0x0000000707800000, 0x0000000707800000, 0x0000000707900000|  0%| F|  |TAMS 0x0000000707800000, 0x0000000707800000| Untracked 
| 109|0x0000000707900000, 0x0000000707900000, 0x0000000707a00000|  0%| F|  |TAMS 0x0000000707900000, 0x0000000707900000| Untracked 
| 110|0x0000000707a00000, 0x0000000707a00000, 0x0000000707b00000|  0%| F|  |TAMS 0x0000000707a00000, 0x0000000707a00000| Untracked 
| 111|0x0000000707b00000, 0x0000000707b00000, 0x0000000707c00000|  0%| F|  |TAMS 0x0000000707b00000, 0x0000000707b00000| Untracked 
| 112|0x0000000707c00000, 0x0000000707c00000, 0x0000000707d00000|  0%| F|  |TAMS 0x0000000707c00000, 0x0000000707c00000| Untracked 
| 113|0x0000000707d00000, 0x0000000707d00000, 0x0000000707e00000|  0%| F|  |TAMS 0x0000000707d00000, 0x0000000707d00000| Untracked 
| 114|0x0000000707e00000, 0x0000000707e00000, 0x0000000707f00000|  0%| F|  |TAMS 0x0000000707e00000, 0x0000000707e00000| Untracked 
| 115|0x0000000707f00000, 0x0000000707f00000, 0x0000000708000000|  0%| F|  |TAMS 0x0000000707f00000, 0x0000000707f00000| Untracked 
| 116|0x0000000708000000, 0x0000000708000000, 0x0000000708100000|  0%| F|  |TAMS 0x0000000708000000, 0x0000000708000000| Untracked 
| 117|0x0000000708100000, 0x0000000708100000, 0x0000000708200000|  0%| F|  |TAMS 0x0000000708100000, 0x0000000708100000| Untracked 
| 118|0x0000000708200000, 0x0000000708200000, 0x0000000708300000|  0%| F|  |TAMS 0x0000000708200000, 0x0000000708200000| Untracked 
| 119|0x0000000708300000, 0x0000000708300000, 0x0000000708400000|  0%| F|  |TAMS 0x0000000708300000, 0x0000000708300000| Untracked 
| 120|0x0000000708400000, 0x0000000708400000, 0x0000000708500000|  0%| F|  |TAMS 0x0000000708400000, 0x0000000708400000| Untracked 
| 121|0x0000000708500000, 0x0000000708500000, 0x0000000708600000|  0%| F|  |TAMS 0x0000000708500000, 0x0000000708500000| Untracked 
| 122|0x0000000708600000, 0x0000000708600000, 0x0000000708700000|  0%| F|  |TAMS 0x0000000708600000, 0x0000000708600000| Untracked 
| 123|0x0000000708700000, 0x0000000708700000, 0x0000000708800000|  0%| F|  |TAMS 0x0000000708700000, 0x0000000708700000| Untracked 
| 124|0x0000000708800000, 0x0000000708800000, 0x0000000708900000|  0%| F|  |TAMS 0x0000000708800000, 0x0000000708800000| Untracked 
| 125|0x0000000708900000, 0x0000000708900000, 0x0000000708a00000|  0%| F|  |TAMS 0x0000000708900000, 0x0000000708900000| Untracked 
| 126|0x0000000708a00000, 0x0000000708a00000, 0x0000000708b00000|  0%| F|  |TAMS 0x0000000708a00000, 0x0000000708a00000| Untracked 
| 127|0x0000000708b00000, 0x0000000708b00000, 0x0000000708c00000|  0%| F|  |TAMS 0x0000000708b00000, 0x0000000708b00000| Untracked 
| 128|0x0000000708c00000, 0x0000000708c00000, 0x0000000708d00000|  0%| F|  |TAMS 0x0000000708c00000, 0x0000000708c00000| Untracked 
| 129|0x0000000708d00000, 0x0000000708d00000, 0x0000000708e00000|  0%| F|  |TAMS 0x0000000708d00000, 0x0000000708d00000| Untracked 
| 130|0x0000000708e00000, 0x0000000708e00000, 0x0000000708f00000|  0%| F|  |TAMS 0x0000000708e00000, 0x0000000708e00000| Untracked 
| 131|0x0000000708f00000, 0x0000000708f00000, 0x0000000709000000|  0%| F|  |TAMS 0x0000000708f00000, 0x0000000708f00000| Untracked 
| 132|0x0000000709000000, 0x0000000709000000, 0x0000000709100000|  0%| F|  |TAMS 0x0000000709000000, 0x0000000709000000| Untracked 
| 133|0x0000000709100000, 0x0000000709100000, 0x0000000709200000|  0%| F|  |TAMS 0x0000000709100000, 0x0000000709100000| Untracked 
| 134|0x0000000709200000, 0x0000000709200000, 0x0000000709300000|  0%| F|  |TAMS 0x0000000709200000, 0x0000000709200000| Untracked 
| 135|0x0000000709300000, 0x0000000709300000, 0x0000000709400000|  0%| F|  |TAMS 0x0000000709300000, 0x0000000709300000| Untracked 
| 136|0x0000000709400000, 0x0000000709400000, 0x0000000709500000|  0%| F|  |TAMS 0x0000000709400000, 0x0000000709400000| Untracked 
| 137|0x0000000709500000, 0x0000000709500000, 0x0000000709600000|  0%| F|  |TAMS 0x0000000709500000, 0x0000000709500000| Untracked 
| 138|0x0000000709600000, 0x0000000709600000, 0x0000000709700000|  0%| F|  |TAMS 0x0000000709600000, 0x0000000709600000| Untracked 
| 139|0x0000000709700000, 0x0000000709700000, 0x0000000709800000|  0%| F|  |TAMS 0x0000000709700000, 0x0000000709700000| Untracked 
| 140|0x0000000709800000, 0x0000000709800000, 0x0000000709900000|  0%| F|  |TAMS 0x0000000709800000, 0x0000000709800000| Untracked 
| 141|0x0000000709900000, 0x0000000709900000, 0x0000000709a00000|  0%| F|  |TAMS 0x0000000709900000, 0x0000000709900000| Untracked 
| 142|0x0000000709a00000, 0x0000000709a00000, 0x0000000709b00000|  0%| F|  |TAMS 0x0000000709a00000, 0x0000000709a00000| Untracked 
| 143|0x0000000709b00000, 0x0000000709b00000, 0x0000000709c00000|  0%| F|  |TAMS 0x0000000709b00000, 0x0000000709b00000| Untracked 
| 144|0x0000000709c00000, 0x0000000709c00000, 0x0000000709d00000|  0%| F|  |TAMS 0x0000000709c00000, 0x0000000709c00000| Untracked 
| 145|0x0000000709d00000, 0x0000000709d00000, 0x0000000709e00000|  0%| F|  |TAMS 0x0000000709d00000, 0x0000000709d00000| Untracked 
| 146|0x0000000709e00000, 0x0000000709e00000, 0x0000000709f00000|  0%| F|  |TAMS 0x0000000709e00000, 0x0000000709e00000| Untracked 
| 147|0x0000000709f00000, 0x0000000709f00000, 0x000000070a000000|  0%| F|  |TAMS 0x0000000709f00000, 0x0000000709f00000| Untracked 
| 148|0x000000070a000000, 0x000000070a000000, 0x000000070a100000|  0%| F|  |TAMS 0x000000070a000000, 0x000000070a000000| Untracked 
| 149|0x000000070a100000, 0x000000070a100000, 0x000000070a200000|  0%| F|  |TAMS 0x000000070a100000, 0x000000070a100000| Untracked 
| 150|0x000000070a200000, 0x000000070a200000, 0x000000070a300000|  0%| F|  |TAMS 0x000000070a200000, 0x000000070a200000| Untracked 
| 151|0x000000070a300000, 0x000000070a300000, 0x000000070a400000|  0%| F|  |TAMS 0x000000070a300000, 0x000000070a300000| Untracked 
| 152|0x000000070a400000, 0x000000070a400000, 0x000000070a500000|  0%| F|  |TAMS 0x000000070a400000, 0x000000070a400000| Untracked 
| 153|0x000000070a500000, 0x000000070a500000, 0x000000070a600000|  0%| F|  |TAMS 0x000000070a500000, 0x000000070a500000| Untracked 
| 154|0x000000070a600000, 0x000000070a600000, 0x000000070a700000|  0%| F|  |TAMS 0x000000070a600000, 0x000000070a600000| Untracked 
| 155|0x000000070a700000, 0x000000070a700000, 0x000000070a800000|  0%| F|  |TAMS 0x000000070a700000, 0x000000070a700000| Untracked 
| 156|0x000000070a800000, 0x000000070a800000, 0x000000070a900000|  0%| F|  |TAMS 0x000000070a800000, 0x000000070a800000| Untracked 
| 157|0x000000070a900000, 0x000000070a900000, 0x000000070aa00000|  0%| F|  |TAMS 0x000000070a900000, 0x000000070a900000| Untracked 
| 158|0x000000070aa00000, 0x000000070aa00000, 0x000000070ab00000|  0%| F|  |TAMS 0x000000070aa00000, 0x000000070aa00000| Untracked 
| 159|0x000000070ab00000, 0x000000070ab00000, 0x000000070ac00000|  0%| F|  |TAMS 0x000000070ab00000, 0x000000070ab00000| Untracked 
| 160|0x000000070ac00000, 0x000000070ac00000, 0x000000070ad00000|  0%| F|  |TAMS 0x000000070ac00000, 0x000000070ac00000| Untracked 
| 161|0x000000070ad00000, 0x000000070ad00000, 0x000000070ae00000|  0%| F|  |TAMS 0x000000070ad00000, 0x000000070ad00000| Untracked 
| 162|0x000000070ae00000, 0x000000070ae00000, 0x000000070af00000|  0%| F|  |TAMS 0x000000070ae00000, 0x000000070ae00000| Untracked 
| 163|0x000000070af00000, 0x000000070af00000, 0x000000070b000000|  0%| F|  |TAMS 0x000000070af00000, 0x000000070af00000| Untracked 
| 164|0x000000070b000000, 0x000000070b000000, 0x000000070b100000|  0%| F|  |TAMS 0x000000070b000000, 0x000000070b000000| Untracked 
| 165|0x000000070b100000, 0x000000070b100000, 0x000000070b200000|  0%| F|  |TAMS 0x000000070b100000, 0x000000070b100000| Untracked 
| 166|0x000000070b200000, 0x000000070b200000, 0x000000070b300000|  0%| F|  |TAMS 0x000000070b200000, 0x000000070b200000| Untracked 
| 167|0x000000070b300000, 0x000000070b300000, 0x000000070b400000|  0%| F|  |TAMS 0x000000070b300000, 0x000000070b300000| Untracked 
| 168|0x000000070b400000, 0x000000070b400000, 0x000000070b500000|  0%| F|  |TAMS 0x000000070b400000, 0x000000070b400000| Untracked 
| 169|0x000000070b500000, 0x000000070b500000, 0x000000070b600000|  0%| F|  |TAMS 0x000000070b500000, 0x000000070b500000| Untracked 
| 170|0x000000070b600000, 0x000000070b600000, 0x000000070b700000|  0%| F|  |TAMS 0x000000070b600000, 0x000000070b600000| Untracked 
| 171|0x000000070b700000, 0x000000070b700000, 0x000000070b800000|  0%| F|  |TAMS 0x000000070b700000, 0x000000070b700000| Untracked 
| 172|0x000000070b800000, 0x000000070b800000, 0x000000070b900000|  0%| F|  |TAMS 0x000000070b800000, 0x000000070b800000| Untracked 
| 173|0x000000070b900000, 0x000000070b900000, 0x000000070ba00000|  0%| F|  |TAMS 0x000000070b900000, 0x000000070b900000| Untracked 
| 174|0x000000070ba00000, 0x000000070ba00000, 0x000000070bb00000|  0%| F|  |TAMS 0x000000070ba00000, 0x000000070ba00000| Untracked 
| 175|0x000000070bb00000, 0x000000070bb00000, 0x000000070bc00000|  0%| F|  |TAMS 0x000000070bb00000, 0x000000070bb00000| Untracked 
| 176|0x000000070bc00000, 0x000000070bc00000, 0x000000070bd00000|  0%| F|  |TAMS 0x000000070bc00000, 0x000000070bc00000| Untracked 
| 177|0x000000070bd00000, 0x000000070bd00000, 0x000000070be00000|  0%| F|  |TAMS 0x000000070bd00000, 0x000000070bd00000| Untracked 
| 178|0x000000070be00000, 0x000000070be00000, 0x000000070bf00000|  0%| F|  |TAMS 0x000000070be00000, 0x000000070be00000| Untracked 
| 179|0x000000070bf00000, 0x000000070bf00000, 0x000000070c000000|  0%| F|  |TAMS 0x000000070bf00000, 0x000000070bf00000| Untracked 
| 180|0x000000070c000000, 0x000000070c000000, 0x000000070c100000|  0%| F|  |TAMS 0x000000070c000000, 0x000000070c000000| Untracked 
| 181|0x000000070c100000, 0x000000070c100000, 0x000000070c200000|  0%| F|  |TAMS 0x000000070c100000, 0x000000070c100000| Untracked 
| 182|0x000000070c200000, 0x000000070c200000, 0x000000070c300000|  0%| F|  |TAMS 0x000000070c200000, 0x000000070c200000| Untracked 
| 183|0x000000070c300000, 0x000000070c300000, 0x000000070c400000|  0%| F|  |TAMS 0x000000070c300000, 0x000000070c300000| Untracked 
| 184|0x000000070c400000, 0x000000070c400000, 0x000000070c500000|  0%| F|  |TAMS 0x000000070c400000, 0x000000070c400000| Untracked 
| 185|0x000000070c500000, 0x000000070c500000, 0x000000070c600000|  0%| F|  |TAMS 0x000000070c500000, 0x000000070c500000| Untracked 
| 186|0x000000070c600000, 0x000000070c600000, 0x000000070c700000|  0%| F|  |TAMS 0x000000070c600000, 0x000000070c600000| Untracked 
| 187|0x000000070c700000, 0x000000070c700000, 0x000000070c800000|  0%| F|  |TAMS 0x000000070c700000, 0x000000070c700000| Untracked 
| 188|0x000000070c800000, 0x000000070c800000, 0x000000070c900000|  0%| F|  |TAMS 0x000000070c800000, 0x000000070c800000| Untracked 
| 189|0x000000070c900000, 0x000000070c900000, 0x000000070ca00000|  0%| F|  |TAMS 0x000000070c900000, 0x000000070c900000| Untracked 
| 190|0x000000070ca00000, 0x000000070ca00000, 0x000000070cb00000|  0%| F|  |TAMS 0x000000070ca00000, 0x000000070ca00000| Untracked 
| 191|0x000000070cb00000, 0x000000070cb00000, 0x000000070cc00000|  0%| F|  |TAMS 0x000000070cb00000, 0x000000070cb00000| Untracked 
| 192|0x000000070cc00000, 0x000000070cc00000, 0x000000070cd00000|  0%| F|  |TAMS 0x000000070cc00000, 0x000000070cc00000| Untracked 
| 193|0x000000070cd00000, 0x000000070cd00000, 0x000000070ce00000|  0%| F|  |TAMS 0x000000070cd00000, 0x000000070cd00000| Untracked 
| 194|0x000000070ce00000, 0x000000070ce00000, 0x000000070cf00000|  0%| F|  |TAMS 0x000000070ce00000, 0x000000070ce00000| Untracked 
| 195|0x000000070cf00000, 0x000000070cf00000, 0x000000070d000000|  0%| F|  |TAMS 0x000000070cf00000, 0x000000070cf00000| Untracked 
| 196|0x000000070d000000, 0x000000070d000000, 0x000000070d100000|  0%| F|  |TAMS 0x000000070d000000, 0x000000070d000000| Untracked 
| 197|0x000000070d100000, 0x000000070d100000, 0x000000070d200000|  0%| F|  |TAMS 0x000000070d100000, 0x000000070d100000| Untracked 
| 198|0x000000070d200000, 0x000000070d200000, 0x000000070d300000|  0%| F|  |TAMS 0x000000070d200000, 0x000000070d200000| Untracked 
| 199|0x000000070d300000, 0x000000070d300000, 0x000000070d400000|  0%| F|  |TAMS 0x000000070d300000, 0x000000070d300000| Untracked 
| 200|0x000000070d400000, 0x000000070d400000, 0x000000070d500000|  0%| F|  |TAMS 0x000000070d400000, 0x000000070d400000| Untracked 
| 201|0x000000070d500000, 0x000000070d500000, 0x000000070d600000|  0%| F|  |TAMS 0x000000070d500000, 0x000000070d500000| Untracked 
| 202|0x000000070d600000, 0x000000070d600000, 0x000000070d700000|  0%| F|  |TAMS 0x000000070d600000, 0x000000070d600000| Untracked 
| 203|0x000000070d700000, 0x000000070d700000, 0x000000070d800000|  0%| F|  |TAMS 0x000000070d700000, 0x000000070d700000| Untracked 
| 204|0x000000070d800000, 0x000000070d800000, 0x000000070d900000|  0%| F|  |TAMS 0x000000070d800000, 0x000000070d800000| Untracked 
| 205|0x000000070d900000, 0x000000070d900000, 0x000000070da00000|  0%| F|  |TAMS 0x000000070d900000, 0x000000070d900000| Untracked 
| 206|0x000000070da00000, 0x000000070da00000, 0x000000070db00000|  0%| F|  |TAMS 0x000000070da00000, 0x000000070da00000| Untracked 
| 207|0x000000070db00000, 0x000000070db00000, 0x000000070dc00000|  0%| F|  |TAMS 0x000000070db00000, 0x000000070db00000| Untracked 
| 208|0x000000070dc00000, 0x000000070dc00000, 0x000000070dd00000|  0%| F|  |TAMS 0x000000070dc00000, 0x000000070dc00000| Untracked 
| 209|0x000000070dd00000, 0x000000070dd00000, 0x000000070de00000|  0%| F|  |TAMS 0x000000070dd00000, 0x000000070dd00000| Untracked 
| 210|0x000000070de00000, 0x000000070de00000, 0x000000070df00000|  0%| F|  |TAMS 0x000000070de00000, 0x000000070de00000| Untracked 
| 211|0x000000070df00000, 0x000000070df00000, 0x000000070e000000|  0%| F|  |TAMS 0x000000070df00000, 0x000000070df00000| Untracked 
| 212|0x000000070e000000, 0x000000070e000000, 0x000000070e100000|  0%| F|  |TAMS 0x000000070e000000, 0x000000070e000000| Untracked 
| 213|0x000000070e100000, 0x000000070e100000, 0x000000070e200000|  0%| F|  |TAMS 0x000000070e100000, 0x000000070e100000| Untracked 
| 214|0x000000070e200000, 0x000000070e200000, 0x000000070e300000|  0%| F|  |TAMS 0x000000070e200000, 0x000000070e200000| Untracked 
| 215|0x000000070e300000, 0x000000070e300000, 0x000000070e400000|  0%| F|  |TAMS 0x000000070e300000, 0x000000070e300000| Untracked 
| 216|0x000000070e400000, 0x000000070e400000, 0x000000070e500000|  0%| F|  |TAMS 0x000000070e400000, 0x000000070e400000| Untracked 
| 217|0x000000070e500000, 0x000000070e500000, 0x000000070e600000|  0%| F|  |TAMS 0x000000070e500000, 0x000000070e500000| Untracked 
| 218|0x000000070e600000, 0x000000070e600000, 0x000000070e700000|  0%| F|  |TAMS 0x000000070e600000, 0x000000070e600000| Untracked 
| 219|0x000000070e700000, 0x000000070e700000, 0x000000070e800000|  0%| F|  |TAMS 0x000000070e700000, 0x000000070e700000| Untracked 
| 220|0x000000070e800000, 0x000000070e800000, 0x000000070e900000|  0%| F|  |TAMS 0x000000070e800000, 0x000000070e800000| Untracked 
| 221|0x000000070e900000, 0x000000070e900000, 0x000000070ea00000|  0%| F|  |TAMS 0x000000070e900000, 0x000000070e900000| Untracked 
| 222|0x000000070ea00000, 0x000000070ea00000, 0x000000070eb00000|  0%| F|  |TAMS 0x000000070ea00000, 0x000000070ea00000| Untracked 
| 223|0x000000070eb00000, 0x000000070eb00000, 0x000000070ec00000|  0%| F|  |TAMS 0x000000070eb00000, 0x000000070eb00000| Untracked 
| 224|0x000000070ec00000, 0x000000070ec00000, 0x000000070ed00000|  0%| F|  |TAMS 0x000000070ec00000, 0x000000070ec00000| Untracked 
| 225|0x000000070ed00000, 0x000000070ed00000, 0x000000070ee00000|  0%| F|  |TAMS 0x000000070ed00000, 0x000000070ed00000| Untracked 
| 226|0x000000070ee00000, 0x000000070ee00000, 0x000000070ef00000|  0%| F|  |TAMS 0x000000070ee00000, 0x000000070ee00000| Untracked 
| 227|0x000000070ef00000, 0x000000070ef00000, 0x000000070f000000|  0%| F|  |TAMS 0x000000070ef00000, 0x000000070ef00000| Untracked 
| 228|0x000000070f000000, 0x000000070f000000, 0x000000070f100000|  0%| F|  |TAMS 0x000000070f000000, 0x000000070f000000| Untracked 
| 229|0x000000070f100000, 0x000000070f100000, 0x000000070f200000|  0%| F|  |TAMS 0x000000070f100000, 0x000000070f100000| Untracked 
| 230|0x000000070f200000, 0x000000070f200000, 0x000000070f300000|  0%| F|  |TAMS 0x000000070f200000, 0x000000070f200000| Untracked 
| 231|0x000000070f300000, 0x000000070f300000, 0x000000070f400000|  0%| F|  |TAMS 0x000000070f300000, 0x000000070f300000| Untracked 
| 232|0x000000070f400000, 0x000000070f400000, 0x000000070f500000|  0%| F|  |TAMS 0x000000070f400000, 0x000000070f400000| Untracked 
| 233|0x000000070f500000, 0x000000070f500000, 0x000000070f600000|  0%| F|  |TAMS 0x000000070f500000, 0x000000070f500000| Untracked 
| 234|0x000000070f600000, 0x000000070f600000, 0x000000070f700000|  0%| F|  |TAMS 0x000000070f600000, 0x000000070f600000| Untracked 
| 235|0x000000070f700000, 0x000000070f796658, 0x000000070f800000| 58%| E|  |TAMS 0x000000070f700000, 0x000000070f700000| Complete 
| 236|0x000000070f800000, 0x000000070f900000, 0x000000070f900000|100%| E|CS|TAMS 0x000000070f800000, 0x000000070f800000| Complete 
| 237|0x000000070f900000, 0x000000070fa00000, 0x000000070fa00000|100%| E|CS|TAMS 0x000000070f900000, 0x000000070f900000| Complete 
| 238|0x000000070fa00000, 0x000000070fb00000, 0x000000070fb00000|100%| E|CS|TAMS 0x000000070fa00000, 0x000000070fa00000| Complete 
| 239|0x000000070fb00000, 0x000000070fc00000, 0x000000070fc00000|100%| E|CS|TAMS 0x000000070fb00000, 0x000000070fb00000| Complete 
| 240|0x000000070fc00000, 0x000000070fd00000, 0x000000070fd00000|100%| E|CS|TAMS 0x000000070fc00000, 0x000000070fc00000| Complete 
| 241|0x000000070fd00000, 0x000000070fe00000, 0x000000070fe00000|100%| E|CS|TAMS 0x000000070fd00000, 0x000000070fd00000| Complete 
| 242|0x000000070fe00000, 0x000000070ff00000, 0x000000070ff00000|100%| E|CS|TAMS 0x000000070fe00000, 0x000000070fe00000| Complete 
| 243|0x000000070ff00000, 0x0000000710000000, 0x0000000710000000|100%| E|CS|TAMS 0x000000070ff00000, 0x000000070ff00000| Complete 
| 244|0x0000000710000000, 0x0000000710100000, 0x0000000710100000|100%| E|CS|TAMS 0x0000000710000000, 0x0000000710000000| Complete 
| 245|0x0000000710100000, 0x0000000710200000, 0x0000000710200000|100%| E|CS|TAMS 0x0000000710100000, 0x0000000710100000| Complete 
| 246|0x0000000710200000, 0x0000000710300000, 0x0000000710300000|100%| E|CS|TAMS 0x0000000710200000, 0x0000000710200000| Complete 
| 247|0x0000000710300000, 0x0000000710400000, 0x0000000710400000|100%| E|CS|TAMS 0x0000000710300000, 0x0000000710300000| Complete 
| 248|0x0000000710400000, 0x0000000710500000, 0x0000000710500000|100%| E|CS|TAMS 0x0000000710400000, 0x0000000710400000| Complete 
| 249|0x0000000710500000, 0x0000000710600000, 0x0000000710600000|100%| E|CS|TAMS 0x0000000710500000, 0x0000000710500000| Complete 
| 250|0x0000000710600000, 0x0000000710700000, 0x0000000710700000|100%| E|CS|TAMS 0x0000000710600000, 0x0000000710600000| Complete 
| 251|0x0000000710700000, 0x0000000710800000, 0x0000000710800000|100%| E|CS|TAMS 0x0000000710700000, 0x0000000710700000| Complete 
| 252|0x0000000710800000, 0x0000000710900000, 0x0000000710900000|100%| E|CS|TAMS 0x0000000710800000, 0x0000000710800000| Complete 
| 253|0x0000000710900000, 0x0000000710a00000, 0x0000000710a00000|100%| E|CS|TAMS 0x0000000710900000, 0x0000000710900000| Complete 
| 254|0x0000000710a00000, 0x0000000710b00000, 0x0000000710b00000|100%| E|CS|TAMS 0x0000000710a00000, 0x0000000710a00000| Complete 
| 255|0x0000000710b00000, 0x0000000710c00000, 0x0000000710c00000|100%| E|CS|TAMS 0x0000000710b00000, 0x0000000710b00000| Complete 

Card table byte_map: [0x00000231cb1d0000,0x00000231cb9d0000] _byte_map_base: 0x00000231c79ca000

Marking Bits (Prev, Next): (CMBitMap*) 0x00000231b2f41a78, (CMBitMap*) 0x00000231b2f41ab8
 Prev Bits: [0x00000231cc1d0000, 0x00000231d01a0000)
 Next Bits: [0x00000231d01a0000, 0x00000231d4170000)

Polling page: 0x00000231b0ef0000

Metaspace:

Usage:
  Non-class:     15.33 MB capacity,    15.10 MB ( 98%) used,   203.05 KB (  1%) free+waste,    38.31 KB ( <1%) overhead. 
      Class:      2.20 MB capacity,     2.00 MB ( 91%) used,   181.09 KB (  8%) free+waste,    21.38 KB ( <1%) overhead. 
       Both:     17.53 MB capacity,    17.10 MB ( 98%) used,   384.15 KB (  2%) free+waste,    59.69 KB ( <1%) overhead. 

Virtual space:
  Non-class space:       16.00 MB reserved,      15.50 MB ( 97%) committed 
      Class space:        1.00 GB reserved,       2.25 MB ( <1%) committed 
             Both:        1.02 GB reserved,      17.75 MB (  2%) committed 

Chunk freelists:
   Non-Class:  44.00 KB
       Class:  19.00 KB
        Both:  63.00 KB

MaxMetaspaceSize: 17179869184.00 GB
CompressedClassSpaceSize: 1.00 GB

CodeHeap 'non-profiled nmethods': size=120000Kb used=692Kb max_used=692Kb free=119307Kb
 bounds [0x00000231c3160000, 0x00000231c33d0000, 0x00000231ca690000]
CodeHeap 'profiled nmethods': size=120000Kb used=3824Kb max_used=3824Kb free=116175Kb
 bounds [0x00000231bbc30000, 0x00000231bbff0000, 0x00000231c3160000]
CodeHeap 'non-nmethods': size=5760Kb used=1365Kb max_used=1402Kb free=4394Kb
 bounds [0x00000231bb690000, 0x00000231bb900000, 0x00000231bbc30000]
 total_blobs=3325 nmethods=1974 adapters=572
 compilation: enabled
              stopped_count=0, restarted_count=0
 full_count=0

Compilation events (20 events):
Event: 1.039 Thread 0x00000231d75aa000 1974       3       java.lang.reflect.Constructor::copy (72 bytes)
Event: 1.040 Thread 0x00000231d75aa000 nmethod 1974 0x00000231bbfeb410 code [0x00000231bbfeb5e0, 0x00000231bbfeb9f8]
Event: 1.040 Thread 0x00000231d75aa000 1975       3       java.lang.reflect.Constructor::<init> (50 bytes)
Event: 1.040 Thread 0x00000231d75aa000 nmethod 1975 0x00000231bbfebb10 code [0x00000231bbfebce0, 0x00000231bbfec198]
Event: 1.040 Thread 0x00000231decd9000 nmethod 1891 0x00000231c3204990 code [0x00000231c3204f20, 0x00000231c32078d0]
Event: 1.040 Thread 0x00000231decd9000 1939       4       sun.security.util.math.intpoly.IntegerPolynomialP384::carryReduce (591 bytes)
Event: 1.041 Thread 0x00000231decd9000 nmethod 1939 0x00000231c3209610 code [0x00000231c32097a0, 0x00000231c3209bb8]
Event: 1.041 Thread 0x00000231decd9000 1955       4       sun.security.util.math.intpoly.IntegerPolynomialP384::reduce (56 bytes)
Event: 1.042 Thread 0x00000231decd9000 nmethod 1955 0x00000231c3209d10 code [0x00000231c3209ec0, 0x00000231c320a068]
Event: 1.042 Thread 0x00000231decd9000 1965       4       sun.security.provider.MD5::FF (33 bytes)
Event: 1.043 Thread 0x00000231decd9000 nmethod 1965 0x00000231c320a190 code [0x00000231c320a300, 0x00000231c320a378]
Event: 1.043 Thread 0x00000231decd9000 1966       4       sun.security.provider.MD5::GG (33 bytes)
Event: 1.043 Thread 0x00000231d75a6800 nmethod 1956 0x00000231c320a490 code [0x00000231c320a680, 0x00000231c320aa18]
Event: 1.043 Thread 0x00000231decd9000 nmethod 1966 0x00000231c320ac10 code [0x00000231c320ad80, 0x00000231c320adf8]
Event: 1.043 Thread 0x00000231d75a6800 1967       4       sun.security.provider.MD5::HH (29 bytes)
Event: 1.043 Thread 0x00000231decd9000 1968       4       sun.security.provider.MD5::II (31 bytes)
Event: 1.043 Thread 0x00000231decd9000 nmethod 1968 0x00000231c320af10 code [0x00000231c320b080, 0x00000231c320b0f8]
Event: 1.043 Thread 0x00000231d75a6800 nmethod 1967 0x00000231c320b210 code [0x00000231c320b380, 0x00000231c320b3f8]
Event: 1.045 Thread 0x00000231d75aa000 1976       1       java.util.logging.Level::intValue (5 bytes)
Event: 1.045 Thread 0x00000231d75aa000 nmethod 1976 0x00000231c320b510 code [0x00000231c320b6a0, 0x00000231c320b778]

GC Heap History (0 events):
No events

Deoptimization events (20 events):
Event: 0.984 Thread 0x00000231b2eda800 DEOPT PACKING pc=0x00000231c31f5b38 sp=0x0000009ff91fe730
Event: 0.984 Thread 0x00000231b2eda800 DEOPT UNPACKING pc=0x00000231bb6d912f sp=0x0000009ff91fe6a8 mode 2
Event: 0.984 Thread 0x00000231b2eda800 Uncommon trap: trap_request=0xffffffbe fr.pc=0x00000231c31f5b38 relative=0x0000000000000458
Event: 0.984 Thread 0x00000231b2eda800 Uncommon trap: reason=profile_predicate action=maybe_recompile pc=0x00000231c31f5b38 method=java.util.regex.Pattern$SliceI.match(Ljava/util/regex/Matcher;ILjava/lang/CharSequence;)Z @ 18 c2
Event: 0.984 Thread 0x00000231b2eda800 DEOPT PACKING pc=0x00000231c31f5b38 sp=0x0000009ff91fe730
Event: 0.984 Thread 0x00000231b2eda800 DEOPT UNPACKING pc=0x00000231bb6d912f sp=0x0000009ff91fe6a8 mode 2
Event: 0.984 Thread 0x00000231b2eda800 Uncommon trap: trap_request=0xffffffbe fr.pc=0x00000231c31f5b38 relative=0x0000000000000458
Event: 0.984 Thread 0x00000231b2eda800 Uncommon trap: reason=profile_predicate action=maybe_recompile pc=0x00000231c31f5b38 method=java.util.regex.Pattern$SliceI.match(Ljava/util/regex/Matcher;ILjava/lang/CharSequence;)Z @ 18 c2
Event: 0.984 Thread 0x00000231b2eda800 DEOPT PACKING pc=0x00000231c31f5b38 sp=0x0000009ff91fe730
Event: 0.984 Thread 0x00000231b2eda800 DEOPT UNPACKING pc=0x00000231bb6d912f sp=0x0000009ff91fe6a8 mode 2
Event: 0.984 Thread 0x00000231b2eda800 Uncommon trap: trap_request=0xffffffbe fr.pc=0x00000231c31f5b38 relative=0x0000000000000458
Event: 0.984 Thread 0x00000231b2eda800 Uncommon trap: reason=profile_predicate action=maybe_recompile pc=0x00000231c31f5b38 method=java.util.regex.Pattern$SliceI.match(Ljava/util/regex/Matcher;ILjava/lang/CharSequence;)Z @ 18 c2
Event: 0.984 Thread 0x00000231b2eda800 DEOPT PACKING pc=0x00000231c31f5b38 sp=0x0000009ff91fe730
Event: 0.984 Thread 0x00000231b2eda800 DEOPT UNPACKING pc=0x00000231bb6d912f sp=0x0000009ff91fe6a8 mode 2
Event: 0.994 Thread 0x00000231b2eda800 Uncommon trap: trap_request=0xffffff76 fr.pc=0x00000231c31f83d0 relative=0x0000000000000470
Event: 0.994 Thread 0x00000231b2eda800 Uncommon trap: reason=predicate action=maybe_recompile pc=0x00000231c31f83d0 method=java.util.regex.Pattern$SliceI.match(Ljava/util/regex/Matcher;ILjava/lang/CharSequence;)Z @ 18 c2
Event: 0.994 Thread 0x00000231b2eda800 DEOPT PACKING pc=0x00000231c31f83d0 sp=0x0000009ff91fe510
Event: 0.995 Thread 0x00000231b2eda800 DEOPT UNPACKING pc=0x00000231bb6d912f sp=0x0000009ff91fe488 mode 2
Event: 0.995 Thread 0x00000231b2eda800 DEOPT PACKING pc=0x00000231bbf71e9e sp=0x0000009ff91fea40
Event: 0.995 Thread 0x00000231b2eda800 DEOPT UNPACKING pc=0x00000231bb6d964e sp=0x0000009ff91fdef8 mode 0

Classes unloaded (0 events):
No events

Classes redefined (0 events):
No events

Internal exceptions (20 events):
Event: 0.097 Thread 0x00000231b2eda800 Exception <a 'java/lang/ClassNotFoundException'{0x00000007109021e0}: sun/awt/resources/spi/awtProvider> (0x00000007109021e0) 
thrown [t:/workspace/open/src/hotspot/share/classfile/systemDictionary.cpp, line 226]
Event: 0.110 Thread 0x00000231b2eda800 Exception <a 'java/io/FileNotFoundException'{0x00000007109514f0}> (0x00000007109514f0) 
thrown [t:/workspace/open/src/hotspot/share/prims/jni.cpp, line 599]
Event: 0.115 Thread 0x00000231b2eda800 Exception <a 'java/io/FileNotFoundException'{0x0000000710977ac8}> (0x0000000710977ac8) 
thrown [t:/workspace/open/src/hotspot/share/prims/jni.cpp, line 599]
Event: 0.151 Thread 0x00000231d7c3e800 Exception <a 'java/lang/NoSuchMethodError'{0x00000007109f0e60}: 'void java.lang.invoke.DirectMethodHandle$Holder.invokeSpecial(java.lang.Object, java.lang.Object)'> (0x00000007109f0e60) 
thrown [t:/workspace/open/src/hotspot/share/interpreter/linkResolver.cpp, line 766]
Event: 0.364 Thread 0x00000231b2eda800 Exception <a 'java/lang/NoSuchMethodError'{0x0000000710848fc0}: 'java.lang.Object java.lang.invoke.DirectMethodHandle$Holder.invokeStatic(java.lang.Object, int, java.lang.Object, java.lang.Object, java.lang.Object, java.lang.Object)'> (0x0000000710848fc0) 
thrown [t:/workspace/open/src/hotspot/share/interpreter/linkResolver.cpp, line 766]
Event: 0.364 Thread 0x00000231b2eda800 Exception <a 'java/lang/NoSuchMethodError'{0x000000071084f8e0}: 'java.lang.Object java.lang.invoke.DirectMethodHandle$Holder.invokeStatic(java.lang.Object, int, java.lang.Object, java.lang.Object, java.lang.Object)'> (0x000000071084f8e0) 
thrown [t:/workspace/open/src/hotspot/share/interpreter/linkResolver.cpp, line 766]
Event: 0.364 Thread 0x00000231b2eda800 Exception <a 'java/lang/NoSuchMethodError'{0x0000000710853130}: 'java.lang.Object java.lang.invoke.DirectMethodHandle$Holder.invokeSpecial(java.lang.Object, java.lang.Object, int, java.lang.Object, java.lang.Object, java.lang.Object)'> (0x0000000710853130) 
thrown [t:/workspace/open/src/hotspot/share/interpreter/linkResolver.cpp, line 766]
Event: 0.366 Thread 0x00000231b2eda800 Exception <a 'java/lang/NoSuchMethodError'{0x00000007108694d8}: 'java.lang.Object java.lang.invoke.DirectMethodHandle$Holder.invokeStatic(java.lang.Object, int, java.lang.Object)'> (0x00000007108694d8) 
thrown [t:/workspace/open/src/hotspot/share/interpreter/linkResolver.cpp, line 766]
Event: 0.382 Thread 0x00000231b2eda800 Exception <a 'java/lang/ClassNotFoundException'{0x000000071070da20}: com/sun/swing/internal/plaf/metal/resources/spi/metalProvider> (0x000000071070da20) 
thrown [t:/workspace/open/src/hotspot/share/classfile/systemDictionary.cpp, line 226]
Event: 0.382 Thread 0x00000231b2eda800 Exception <a 'java/lang/ClassNotFoundException'{0x0000000710711ae8}: com/sun/swing/internal/plaf/basic/resources/spi/basicProvider> (0x0000000710711ae8) 
thrown [t:/workspace/open/src/hotspot/share/classfile/systemDictionary.cpp, line 226]
Event: 0.636 Thread 0x00000231b2eda800 Exception <a 'java/lang/NoSuchMethodError'{0x0000000710273828}: 'void java.lang.invoke.DirectMethodHandle$Holder.invokeStaticInit(java.lang.Object)'> (0x0000000710273828) 
thrown [t:/workspace/open/src/hotspot/share/interpreter/linkResolver.cpp, line 766]
Event: 0.641 Thread 0x00000231b2eda800 Exception <a 'java/lang/NoSuchMethodError'{0x0000000710112b50}: 'java.lang.Object java.lang.invoke.Invokers$Holder.linkToTargetMethod(java.lang.Object, int, java.lang.Object)'> (0x0000000710112b50) 
thrown [t:/workspace/open/src/hotspot/share/interpreter/linkResolver.cpp, line 766]
Event: 0.902 Thread 0x00000231b2eda800 Exception <a 'java/lang/NoSuchMethodError'{0x000000070fba94b8}: 'java.lang.Object java.lang.invoke.DirectMethodHandle$Holder.invokeStaticInit(java.lang.Object, int, int, int, int)'> (0x000000070fba94b8) 
thrown [t:/workspace/open/src/hotspot/share/interpreter/linkResolver.cpp, line 766]
Event: 0.903 Thread 0x00000231b2eda800 Exception <a 'sun/nio/fs/WindowsException'{0x000000070fbaeb50}> (0x000000070fbaeb50) 
thrown [t:/workspace/open/src/hotspot/share/prims/jni.cpp, line 599]
Event: 0.904 Thread 0x00000231b2eda800 Exception <a 'java/lang/NoSuchMethodError'{0x000000070fbb0438}: 'int java.lang.invoke.DirectMethodHandle$Holder.invokeSpecialIFC(java.lang.Object, java.lang.Object, int)'> (0x000000070fbb0438) 
thrown [t:/workspace/open/src/hotspot/share/interpreter/linkResolver.cpp, line 766]
Event: 0.909 Thread 0x00000231b2eda800 Exception <a 'java/lang/NoSuchMethodError'{0x000000070fbd9e38}: 'int java.lang.invoke.DirectMethodHandle$Holder.invokeStaticInit(java.lang.Object, java.lang.Object, java.lang.Object, java.lang.Object)'> (0x000000070fbd9e38) 
thrown [t:/workspace/open/src/hotspot/share/interpreter/linkResolver.cpp, line 766]
Event: 0.910 Thread 0x00000231b2eda800 Exception <a 'java/lang/IncompatibleClassChangeError'{0x000000070fbe2538}: Found class java.lang.Object, but interface was expected> (0x000000070fbe2538) 
thrown [t:/workspace/open/src/hotspot/share/interpreter/linkResolver.cpp, line 832]
Event: 0.910 Thread 0x00000231b2eda800 Exception <a 'java/lang/NoSuchMethodError'{0x000000070fbe50b8}: 'void java.lang.invoke.DirectMethodHandle$Holder.invokeStaticInit(java.lang.Object, java.lang.Object)'> (0x000000070fbe50b8) 
thrown [t:/workspace/open/src/hotspot/share/interpreter/linkResolver.cpp, line 766]
Event: 0.910 Thread 0x00000231b2eda800 Exception <a 'java/lang/NoSuchMethodError'{0x000000070fbea038}: 'int java.lang.invoke.DirectMethodHandle$Holder.invokeStaticInit(java.lang.Object, java.lang.Object)'> (0x000000070fbea038) 
thrown [t:/workspace/open/src/hotspot/share/interpreter/linkResolver.cpp, line 766]
Event: 0.962 Thread 0x00000231b2eda800 Exception <a 'java/lang/NoSuchMethodError'{0x000000070f9f8e88}: 'java.lang.Object java.lang.invoke.DirectMethodHandle$Holder.invokeStaticInit(java.lang.Object, java.lang.Object, int, int, int, int)'> (0x000000070f9f8e88) 
thrown [t:/workspace/open/src/hotspot/share/interpreter/linkResolver.cpp, line 766]

Events (20 events):
Event: 1.035 loading class javax/crypto/Mac done
Event: 1.035 loading class com/sun/crypto/provider/HmacSHA1
Event: 1.035 loading class com/sun/crypto/provider/HmacCore
Event: 1.036 loading class javax/crypto/MacSpi
Event: 1.036 loading class javax/crypto/MacSpi done
Event: 1.036 loading class com/sun/crypto/provider/HmacCore done
Event: 1.036 loading class com/sun/crypto/provider/HmacSHA1 done
Event: 1.036 loading class sun/security/ssl/SSLCipher$T10BlockWriteCipherGenerator$BlockWriteCipher
Event: 1.036 loading class sun/security/ssl/SSLCipher$T10BlockWriteCipherGenerator$BlockWriteCipher done
Event: 1.038 loading class sun/security/ssl/SSLCipher$T10BlockReadCipherGenerator$BlockReadCipher
Event: 1.038 loading class sun/security/ssl/SSLCipher$T10BlockReadCipherGenerator$BlockReadCipher done
Event: 1.038 loading class java/lang/StrictMath
Event: 1.039 loading class java/lang/StrictMath done
Event: 1.039 loading class jdk/internal/event/TLSHandshakeEvent
Event: 1.039 loading class jdk/internal/event/TLSHandshakeEvent done
Event: 1.039 loading class javax/net/ssl/SSLEngineResult$HandshakeStatus
Event: 1.039 loading class javax/net/ssl/SSLEngineResult$HandshakeStatus done
Event: 1.041 Loaded shared library C:\Program Files\Java\jdk-14\bin\sqljdbc_auth.dll
Event: 1.046 loading class java/net/InetAddress$CachedLocalHost
Event: 1.047 loading class java/net/InetAddress$CachedLocalHost done


Dynamic libraries:
0x00007ff7e2d30000 - 0x00007ff7e2d3f000 	C:\Program Files\Java\jdk-14\bin\java.exe
0x00007ff9c2f10000 - 0x00007ff9c3108000 	C:\WINDOWS\SYSTEM32\ntdll.dll
0x00007ff9c2260000 - 0x00007ff9c231f000 	C:\WINDOWS\System32\KERNEL32.DLL
0x00007ff9c0820000 - 0x00007ff9c0af2000 	C:\WINDOWS\System32\KERNELBASE.dll
0x00007ff9c0e30000 - 0x00007ff9c0f30000 	C:\WINDOWS\System32\ucrtbase.dll
0x00007ff9a6320000 - 0x00007ff9a6335000 	C:\Program Files\Java\jdk-14\bin\VCRUNTIME140.dll
0x00007ff9a3430000 - 0x00007ff9a3448000 	C:\Program Files\Java\jdk-14\bin\jli.dll
0x00007ff9c29a0000 - 0x00007ff9c2a4e000 	C:\WINDOWS\System32\ADVAPI32.dll
0x00007ff9c21c0000 - 0x00007ff9c225e000 	C:\WINDOWS\System32\msvcrt.dll
0x00007ff9c2c00000 - 0x00007ff9c2c9c000 	C:\WINDOWS\System32\sechost.dll
0x00007ff9c16b0000 - 0x00007ff9c17d4000 	C:\WINDOWS\System32\RPCRT4.dll
0x00007ff9c2520000 - 0x00007ff9c26c1000 	C:\WINDOWS\System32\USER32.dll
0x00007ff9a9120000 - 0x00007ff9a93ba000 	C:\WINDOWS\WinSxS\amd64_microsoft.windows.common-controls_6595b64144ccf1df_6.0.19041.1110_none_60b5254171f9507e\COMCTL32.dll
0x00007ff9c0f30000 - 0x00007ff9c0f52000 	C:\WINDOWS\System32\win32u.dll
0x00007ff9c1c60000 - 0x00007ff9c1c8b000 	C:\WINDOWS\System32\GDI32.dll
0x00007ff9c0710000 - 0x00007ff9c081f000 	C:\WINDOWS\System32\gdi32full.dll
0x00007ff9c0d90000 - 0x00007ff9c0e2d000 	C:\WINDOWS\System32\msvcp_win.dll
0x00007ff9bade0000 - 0x00007ff9badea000 	C:\WINDOWS\SYSTEM32\VERSION.dll
0x00007ff9c2320000 - 0x00007ff9c2350000 	C:\WINDOWS\System32\IMM32.DLL
0x00007ff98dbc0000 - 0x00007ff98dc5b000 	C:\Program Files\Java\jdk-14\bin\msvcp140.dll
0x00007ff94fd30000 - 0x00007ff95084f000 	C:\Program Files\Java\jdk-14\bin\server\jvm.dll
0x00007ff9c1c50000 - 0x00007ff9c1c58000 	C:\WINDOWS\System32\PSAPI.DLL
0x00007ff9ad5b0000 - 0x00007ff9ad5d7000 	C:\WINDOWS\SYSTEM32\WINMM.dll
0x00007ff9a8710000 - 0x00007ff9a8719000 	C:\WINDOWS\SYSTEM32\WSOCK32.dll
0x00007ff9c28d0000 - 0x00007ff9c293b000 	C:\WINDOWS\System32\WS2_32.dll
0x00007ff9be4f0000 - 0x00007ff9be502000 	C:\WINDOWS\SYSTEM32\kernel.appcore.dll
0x00007ff9a8680000 - 0x00007ff9a868a000 	C:\Program Files\Java\jdk-14\bin\jimage.dll
0x00007ff9aa240000 - 0x00007ff9aa424000 	C:\WINDOWS\SYSTEM32\DBGHELP.DLL
0x00007ff9a33c0000 - 0x00007ff9a33f5000 	C:\WINDOWS\SYSTEM32\dbgcore.DLL
0x00007ff9c0b00000 - 0x00007ff9c0b82000 	C:\WINDOWS\System32\bcryptPrimitives.dll
0x00007ff9a3270000 - 0x00007ff9a3295000 	C:\Program Files\Java\jdk-14\bin\java.dll
0x00007ff9a4b10000 - 0x00007ff9a4b27000 	C:\Program Files\Java\jdk-14\bin\zip.dll
0x00007ff9c0f60000 - 0x00007ff9c16a5000 	C:\WINDOWS\System32\SHELL32.dll
0x00007ff9be6f0000 - 0x00007ff9bee82000 	C:\WINDOWS\SYSTEM32\windows.storage.dll
0x00007ff9c1dc0000 - 0x00007ff9c2115000 	C:\WINDOWS\System32\combase.dll
0x00007ff9c0070000 - 0x00007ff9c00a0000 	C:\WINDOWS\SYSTEM32\Wldp.dll
0x00007ff9c2730000 - 0x00007ff9c27dd000 	C:\WINDOWS\System32\SHCORE.dll
0x00007ff9c26d0000 - 0x00007ff9c2725000 	C:\WINDOWS\System32\shlwapi.dll
0x00007ff9c0550000 - 0x00007ff9c056f000 	C:\WINDOWS\SYSTEM32\profapi.dll
0x00007ff9a3f20000 - 0x00007ff9a3f39000 	C:\Program Files\Java\jdk-14\bin\net.dll
0x00007ff9b9a90000 - 0x00007ff9b9b9a000 	C:\WINDOWS\SYSTEM32\WINHTTP.dll
0x00007ff9bfdd0000 - 0x00007ff9bfe3a000 	C:\WINDOWS\system32\mswsock.dll
0x00007ff9a3d50000 - 0x00007ff9a3d62000 	C:\Program Files\Java\jdk-14\bin\nio.dll
0x00007ff95d940000 - 0x00007ff95dad8000 	C:\Program Files\Java\jdk-14\bin\awt.dll
0x00007ff9c1c90000 - 0x00007ff9c1d5d000 	C:\WINDOWS\System32\OLEAUT32.dll
0x00007ff9bdf20000 - 0x00007ff9bdfb0000 	C:\WINDOWS\SYSTEM32\apphelp.dll
0x00007ff9be3e0000 - 0x00007ff9be40f000 	C:\WINDOWS\system32\DWMAPI.DLL
0x00007ff9be020000 - 0x00007ff9be0be000 	C:\WINDOWS\system32\uxtheme.dll
0x00007ff98d3c0000 - 0x00007ff98d4e5000 	C:\WINDOWS\system32\opengl32.dll
0x00007ff9a3240000 - 0x00007ff9a326c000 	C:\WINDOWS\SYSTEM32\GLU32.dll
0x00007ff9c2ca0000 - 0x00007ff9c2db4000 	C:\WINDOWS\System32\MSCTF.dll
0x00007ff9c23e0000 - 0x00007ff9c250a000 	C:\WINDOWS\System32\ole32.dll
0x00007ff988810000 - 0x00007ff9889de000 	C:\WINDOWS\system32\d3d9.dll
0x00007ff9b6770000 - 0x00007ff9b682d000 	C:\WINDOWS\System32\DriverStore\FileRepository\nv_dispig.inf_amd64_50916785244854f2\nvldumdx.dll
0x00007ff9c0200000 - 0x00007ff9c0212000 	C:\WINDOWS\SYSTEM32\msasn1.dll
0x00007ff9ba960000 - 0x00007ff9ba991000 	C:\WINDOWS\SYSTEM32\cryptnet.dll
0x00007ff9c0c00000 - 0x00007ff9c0d56000 	C:\WINDOWS\System32\CRYPT32.dll
0x00007ff9b9830000 - 0x00007ff9b9978000 	C:\WINDOWS\SYSTEM32\drvstore.dll
0x00007ff9c03c0000 - 0x00007ff9c03ec000 	C:\WINDOWS\SYSTEM32\devobj.dll
0x00007ff9c0610000 - 0x00007ff9c065e000 	C:\WINDOWS\System32\cfgmgr32.dll
0x00007ff9bffe0000 - 0x00007ff9bffec000 	C:\WINDOWS\SYSTEM32\cryptbase.dll
0x00007ff9c0b90000 - 0x00007ff9c0bf9000 	C:\WINDOWS\System32\WINTRUST.DLL
0x00007ff9c21a0000 - 0x00007ff9c21bd000 	C:\WINDOWS\System32\imagehlp.dll
0x00007ff9bffc0000 - 0x00007ff9bffd8000 	C:\WINDOWS\SYSTEM32\CRYPTSP.dll
0x00007ff9bf610000 - 0x00007ff9bf644000 	C:\WINDOWS\system32\rsaenh.dll
0x00007ff9c0d60000 - 0x00007ff9c0d87000 	C:\WINDOWS\System32\bcrypt.dll
0x00007ff93c310000 - 0x00007ff93f206000 	C:\WINDOWS\System32\DriverStore\FileRepository\nv_dispig.inf_amd64_50916785244854f2\nvd3dumx.dll
0x00007ff954500000 - 0x00007ff9547d1000 	C:\WINDOWS\system32\nvspcap64.dll
0x00007ff9bf730000 - 0x00007ff9bf763000 	C:\WINDOWS\SYSTEM32\ntmarta.dll
0x00007ff9beea0000 - 0x00007ff9beec3000 	C:\WINDOWS\SYSTEM32\gpapi.dll
0x00007ff9b6d30000 - 0x00007ff9b6d6b000 	C:\WINDOWS\SYSTEM32\dxcore.dll
0x00007ff99ccf0000 - 0x00007ff99cd72000 	C:\Program Files\Java\jdk-14\bin\freetype.dll
0x00007ff98d8d0000 - 0x00007ff98d976000 	C:\Program Files\Java\jdk-14\bin\fontmanager.dll
0x00007ff9c2e20000 - 0x00007ff9c2ec9000 	C:\WINDOWS\System32\clbcatq.dll
0x00007ff9ba6e0000 - 0x00007ff9ba894000 	C:\WINDOWS\SYSTEM32\WindowsCodecs.dll
0x00007ff986b80000 - 0x00007ff986bbe000 	C:\WINDOWS\system32\dataexchange.dll
0x00007ff9bc330000 - 0x00007ff9bc593000 	C:\WINDOWS\system32\d3d11.dll
0x00007ff9bd2a0000 - 0x00007ff9bd483000 	C:\WINDOWS\system32\dcomp.dll
0x00007ff9beed0000 - 0x00007ff9befc3000 	C:\WINDOWS\system32\dxgi.dll
0x00007ff9babe0000 - 0x00007ff9bade0000 	C:\WINDOWS\system32\twinapi.appcore.dll
0x00007ff9bfa90000 - 0x00007ff9bfb5b000 	C:\WINDOWS\SYSTEM32\DNSAPI.dll
0x00007ff9bfa50000 - 0x00007ff9bfa8b000 	C:\WINDOWS\SYSTEM32\IPHLPAPI.DLL
0x00007ff9c28c0000 - 0x00007ff9c28c8000 	C:\WINDOWS\System32\NSI.dll
0x00007ff9ba940000 - 0x00007ff9ba94a000 	C:\Windows\System32\rasadhlp.dll
0x00007ff9b6d70000 - 0x00007ff9b6df0000 	C:\WINDOWS\System32\fwpuclnt.dll
0x00007ff9a5550000 - 0x00007ff9a555e000 	C:\Program Files\Java\jdk-14\bin\sunmscapi.dll
0x00007ff9c00e0000 - 0x00007ff9c0107000 	C:\WINDOWS\SYSTEM32\ncrypt.dll
0x00007ff9c00a0000 - 0x00007ff9c00db000 	C:\WINDOWS\SYSTEM32\NTASN1.dll
0x00007ff9913b0000 - 0x00007ff9913d5000 	C:\Program Files\Java\jdk-14\bin\sunec.dll
0x00007ff9c0510000 - 0x00007ff9c053e000 	C:\WINDOWS\SYSTEM32\USERENV.dll
0x00007ff9bae70000 - 0x00007ff9bae87000 	C:\WINDOWS\SYSTEM32\dhcpcsvc6.DLL
0x00007ff9bae50000 - 0x00007ff9bae6d000 	C:\WINDOWS\SYSTEM32\dhcpcsvc.DLL
0x00007ff98db70000 - 0x00007ff98dbbb000 	C:\Program Files\Java\jdk-14\bin\sqljdbc_auth.dll
0x00007ff9a73f0000 - 0x00007ff9a73fc000 	C:\WINDOWS\system32\secur32.dll
0x00007ff9c04d0000 - 0x00007ff9c0502000 	C:\WINDOWS\SYSTEM32\SSPICLI.DLL
0x00007ff9bfea0000 - 0x00007ff9bffb8000 	C:\WINDOWS\system32\kerberos.DLL
0x00007ff9bfd40000 - 0x00007ff9bfdcb000 	C:\WINDOWS\system32\msv1_0.DLL
0x00007ff9bfd20000 - 0x00007ff9bfd34000 	C:\WINDOWS\SYSTEM32\NtlmShared.dll
0x00007ff9bfe40000 - 0x00007ff9bfe55000 	C:\WINDOWS\SYSTEM32\cryptdll.dll
0x00007ff99d5a0000 - 0x00007ff99d5ca000 	C:\WINDOWS\system32\ntdsapi.dll
0x00007ff9895a0000 - 0x00007ff9895b7000 	C:\WINDOWS\system32\napinsp.dll
0x00007ff989060000 - 0x00007ff98907b000 	C:\WINDOWS\system32\pnrpnsp.dll
0x00007ff9bb7e0000 - 0x00007ff9bb7f5000 	C:\WINDOWS\system32\wshbth.dll
0x00007ff9bc030000 - 0x00007ff9bc04d000 	C:\WINDOWS\system32\NLAapi.dll
0x00007ff985400000 - 0x00007ff985412000 	C:\WINDOWS\System32\winrnr.dll

dbghelp: loaded successfully - version: 4.0.5 - missing functions: none
symbol engine: initialized successfully - sym options: 0x614 - pdb path: .;C:\Program Files\Java\jdk-14\bin;C:\WINDOWS\SYSTEM32;C:\WINDOWS\WinSxS\amd64_microsoft.windows.common-controls_6595b64144ccf1df_6.0.19041.1110_none_60b5254171f9507e;C:\Program Files\Java\jdk-14\bin\server;C:\WINDOWS\System32\DriverStore\FileRepository\nv_dispig.inf_amd64_50916785244854f2

VM Arguments:
jvm_args: -Dfile.encoding=UTF-8 --module-path=C:\Users\User\Desktop\drugstore-main\drugstore-main\DrugStore\build\classes 
java_command: drugstore.DrugStore
java_class_path (initial): C:\Program Files\NetBeans-17\netbeans\java\modules\ext\AbsoluteLayout.jar;C:\Users\User\Desktop\sqljdbc4-2.0.jar;C:\Users\User\Desktop\sqljdbc_12.2.0.0_enu\sqljdbc_12.2\enu\mssql-jdbc-12.2.0.jre11.jar;D:\Ph?n M?m\Zalo\Zalo Received Files;C:\Users\User\Desktop\drugstore-main\drugstore-main\DrugStore\build\classes
Launcher Type: SUN_STANDARD

[Global flags]
     intx CICompilerCount                          = 4                                         {product} {ergonomic}
     uint ConcGCThreads                            = 2                                         {product} {ergonomic}
     uint G1ConcRefinementThreads                  = 8                                         {product} {ergonomic}
   size_t G1HeapRegionSize                         = 1048576                                   {product} {ergonomic}
    uintx GCDrainStackTargetSize                   = 64                                        {product} {ergonomic}
   size_t InitialHeapSize                          = 268435456                                 {product} {ergonomic}
   size_t MarkStackSize                            = 4194304                                   {product} {ergonomic}
   size_t MaxHeapSize                              = 4282384384                                {product} {ergonomic}
   size_t MaxNewSize                               = 2569011200                                {product} {ergonomic}
   size_t MinHeapDeltaBytes                        = 1048576                                   {product} {ergonomic}
   size_t MinHeapSize                              = 8388608                                   {product} {ergonomic}
    uintx NonNMethodCodeHeapSize                   = 5839372                                {pd product} {ergonomic}
    uintx NonProfiledCodeHeapSize                  = 122909434                              {pd product} {ergonomic}
    uintx ProfiledCodeHeapSize                     = 122909434                              {pd product} {ergonomic}
    uintx ReservedCodeCacheSize                    = 251658240                              {pd product} {ergonomic}
     bool SegmentedCodeCache                       = true                                      {product} {ergonomic}
   size_t SoftMaxHeapSize                          = 4282384384                             {manageable} {ergonomic}
     bool UseCompressedClassPointers               = true                                 {lp64_product} {ergonomic}
     bool UseCompressedOops                        = true                                 {lp64_product} {ergonomic}
     bool UseG1GC                                  = true                                      {product} {ergonomic}
     bool UseLargePagesIndividualAllocation        = false                                  {pd product} {ergonomic}

Logging:
Log output configuration:
 #0: stdout all=warning uptime,level,tags
 #1: stderr all=off uptime,level,tags

Environment Variables:
PATH=C:\Windows\system32;C:\Windows;C:\Windows\System32\Wbem;C:\Windows\System32\WindowsPowerShell\v1.0\;C:\Windows\System32\OpenSSH\;C:\Program Files (x86)\NVIDIA Corporation\PhysX\Common;C:\Program Files\NVIDIA Corporation\NVIDIA NvDLISR;C:\WINDOWS\system32;C:\WINDOWS;C:\WINDOWS\System32\Wbem;C:\WINDOWS\System32\WindowsPowerShell\v1.0\;C:\WINDOWS\System32\OpenSSH\;D:\DevC\Dev-Cpp\MinGW64\bin;C:\Program Files\Microsoft SQL Server\Client SDK\ODBC\170\Tools\Binn\;C:\Program Files\Azure Data Studio\bin;C:\Program Files\dotnet\;C:\Program Files (x86)\Microsoft SQL Server\160\Tools\Binn\;C:\Program Files\Microsoft SQL Server\160\Tools\Binn\;C:\Program Files\Microsoft SQL Server\160\DTS\Binn\;C:\Program Files (x86)\Microsoft SQL Server\160\DTS\Binn\;C:\Users\User\AppData\Local\Microsoft\WindowsApps;C:\Users\User\AppData\Local\Programs\Microsoft VS Code\bin;D:\DevC\Dev-Cpp\MinGW64\bin\g++.exe;;C:\Program Files\Azure Data Studio\bin;C:\Users\User\.dotnet\tools
USERNAME=User
OS=Windows_NT
PROCESSOR_IDENTIFIER=Intel64 Family 6 Model 94 Stepping 3, GenuineIntel



---------------  S Y S T E M  ---------------

OS: Windows 10 , 64 bit Build 19041 (10.0.19041.2546)
OS uptime: 0 days 7:34 hours

CPU:total 8 (initial active 8) (4 cores per cpu, 2 threads per core) family 6 model 94 stepping 3, cmov, cx8, fxsr, mmx, sse, sse2, sse3, ssse3, sse4.1, sse4.2, popcnt, avx, avx2, aes, clmul, erms, rtm, 3dnowpref, lzcnt, ht, tsc, tscinvbit, bmi1, bmi2, adx, fma

Memory: 4k page, system-wide physical 16334M (8850M free)
TotalPageFile size 18766M (AvailPageFile size 6476M)
current process WorkingSet (physical memory assigned to process): 117M, peak: 117M
current process commit charge ("private bytes"): 403M, peak: 404M

vm_info: Java HotSpot(TM) 64-Bit Server VM (14+36-1461) for windows-amd64 JRE (14+36-1461), built on Feb  6 2020 19:08:04 by "mach5one" with MS VC++ 15.9 (VS2017)

END.
