#
# A fatal error has been detected by the Java Runtime Environment:
#
#  EXCEPTION_ACCESS_VIOLATION (0xc0000005) at pc=0x00007ff9500ac818, pid=13240, tid=2420
#
# JRE version: Java(TM) SE Runtime Environment (14.0+36) (build 14+36-1461)
# Java VM: Java HotSpot(TM) 64-Bit Server VM (14+36-1461, mixed mode, sharing, tiered, compressed oops, g1 gc, windows-amd64)
# Problematic frame:
# V  [jvm.dll+0x37c818]
#
# No core dump will be written. Minidumps are not enabled by default on client versions of Windows
#
# If you would like to submit a bug report, please visit:
#   https://bugreport.java.com/bugreport/crash.jsp
#

---------------  S U M M A R Y ------------

Command Line: -Dfile.encoding=UTF-8 --module-path=C:\Users\User\Desktop\drugstore-main\drugstore-main\DrugStore\build\classes drugstore.DrugStore

Host: Intel(R) Core(TM) i7-6700 CPU @ 3.40GHz, 8 cores, 15G,  Windows 10 , 64 bit Build 19041 (10.0.19041.2546)
Time: Fri May  5 22:50:16 2023 SE Asia Standard Time elapsed time: 0 seconds (0d 0h 0m 0s)

---------------  T H R E A D  ---------------

Current thread (0x00000292c97ca800):  JavaThread "main" [_thread_in_vm, id=2420, stack(0x000000b058000000,0x000000b058100000)]

Stack: [0x000000b058000000,0x000000b058100000],  sp=0x000000b0580fe510,  free space=1017k
Native frames: (J=compiled Java code, j=interpreted, Vv=VM code, C=native code)
V  [jvm.dll+0x37c818]
C  [sqljdbc_auth.dll+0x6777]

Java frames: (J=compiled Java code, j=interpreted, Vv=VM code)
j  com.microsoft.sqlserver.jdbc.AuthenticationJNI.SNISecGenClientContext([B[I[BI[B[I[ZLjava/lang/String;Ljava/lang/String;Ljava/lang/String;Ljava/util/logging/Logger;)I+0
j  com.microsoft.sqlserver.jdbc.AuthenticationJNI.GenerateClientContext([BI[B[I[Z)I+24
j  com.microsoft.sqlserver.jdbc.SQLServerConnection.SSPIData([B[B[I[ZLcom/microsoft/sqlserver/jdbc/AuthenticationJNI;)V+13
j  com.microsoft.sqlserver.jdbc.SQLServerConnection.sendLogon(Lcom/microsoft/sqlserver/jdbc/SQLServerConnection$LogonCommand;Lcom/microsoft/sqlserver/jdbc/AuthenticationJNI;)V+155
j  com.microsoft.sqlserver.jdbc.SQLServerConnection.logon(Lcom/microsoft/sqlserver/jdbc/SQLServerConnection$LogonCommand;)V+20
j  com.microsoft.sqlserver.jdbc.SQLServerConnection.access$000(Lcom/microsoft/sqlserver/jdbc/SQLServerConnection;Lcom/microsoft/sqlserver/jdbc/SQLServerConnection$LogonCommand;)V+2
j  com.microsoft.sqlserver.jdbc.SQLServerConnection$LogonCommand.doExecute()Z+5
j  com.microsoft.sqlserver.jdbc.TDSCommand.execute(Lcom/microsoft/sqlserver/jdbc/TDSWriter;Lcom/microsoft/sqlserver/jdbc/TDSReader;)Z+30
j  com.microsoft.sqlserver.jdbc.SQLServerConnection.executeCommand(Lcom/microsoft/sqlserver/jdbc/TDSCommand;)Z+45
j  com.microsoft.sqlserver.jdbc.SQLServerConnection.connectHelper(Lcom/microsoft/sqlserver/jdbc/ServerPortPlaceHolder;II)V+284
j  com.microsoft.sqlserver.jdbc.SQLServerConnection.login(Ljava/lang/String;Ljava/lang/String;ILjava/lang/String;Lcom/microsoft/sqlserver/jdbc/FailoverInfo;IJ)V+399
j  com.microsoft.sqlserver.jdbc.SQLServerConnection.connect(Ljava/util/Properties;Lcom/microsoft/sqlserver/jdbc/SQLServerPooledConnection;)Ljava/sql/Connection;+1929
j  com.microsoft.sqlserver.jdbc.SQLServerDriver.connect(Ljava/lang/String;Ljava/util/Properties;)Ljava/sql/Connection;+45
j  java.sql.DriverManager.getConnection(Ljava/lang/String;Ljava/util/Properties;Ljava/lang/Class;)Ljava/sql/Connection;+131 java.sql@14
j  java.sql.DriverManager.getConnection(Ljava/lang/String;)Ljava/sql/Connection;+13 java.sql@14
j  drugstoreController.ConnectionDB.getConnection()Ljava/sql/Connection;+12
j  drugstore.layout.formQuanLy.loadTable()V+5
j  drugstore.layout.formQuanLy.<init>()V+81
j  drugstore.DrugStore.main([Ljava/lang/String;)V+4
v  ~StubRoutines::call_stub

siginfo: EXCEPTION_ACCESS_VIOLATION (0xc0000005), reading address 0x000001bfc88b4907


Register to memory mapping:

RIP=0x00007ff9500ac818 jvm.dll
RAX=0x000001bfc88b48ff is an unknown value
RBX=0x00000292c97ca800 is a thread
RCX=0x00000292c97ca820 points into unknown readable memory: 38 3c 5d 50 f9 7f 00 00
RDX=0x0000000000000002 is an unknown value
RSP=0x000000b0580fe510 is pointing into the stack for thread: 0x00000292c97ca800
RBP=0x00007ff9502e28bf jvm.dll
RSI=0x00007ff9502e2800 jvm.dll
RDI=0x00000292c97ca800 is a thread
R8 =0x000001bfc88b48ff is an unknown value
R9 =0x0 is NULL
R10=0x00007ff9a873d110 sqljdbc_auth.dll
R11=0x000000070f96cb08 is pointing into object: [B 
{0x000000070f96caf8} - klass: {type array byte}
 - length: 47
R12=0x000000b0580fe8b8 is pointing into the stack for thread: 0x00000292c97ca800
R13=0x0 is NULL
R14=0x0 is NULL
R15=0x00000292c97cab10 points into unknown readable memory: a0 2a 6f 50 f9 7f 00 00


Registers:
RAX=0x000001bfc88b48ff, RBX=0x00000292c97ca800, RCX=0x00000292c97ca820, RDX=0x0000000000000002
RSP=0x000000b0580fe510, RBP=0x00007ff9502e28bf, RSI=0x00007ff9502e2800, RDI=0x00000292c97ca800
R8 =0x000001bfc88b48ff, R9 =0x0000000000000000, R10=0x00007ff9a873d110, R11=0x000000070f96cb08
R12=0x000000b0580fe8b8, R13=0x0000000000000000, R14=0x0000000000000000, R15=0x00000292c97cab10
RIP=0x00007ff9500ac818, EFLAGS=0x0000000000010202

Top of Stack: (sp=0x000000b0580fe510)
0x000000b0580fe510:   00000292c97ca800 00000292c97cab10
0x000000b0580fe520:   00000292c97ca800 000000b0580fe600
0x000000b0580fe530:   00000292c97ca800 0000000000000000
0x000000b0580fe540:   0000000000000000 0000000000000000
0x000000b0580fe550:   0000000000000000 000000b0580fe8b0
0x000000b0580fe560:   00000292ed49c400 00007ff9a8716777
0x000000b0580fe570:   00000292c97cab10 000000b0580fe670
0x000000b0580fe580:   00007ff9502e28bf 0000000000000000
0x000000b0580fe590:   0000000000000000 0000000000000000
0x000000b0580fe5a0:   0000000000000000 0000000000000000
0x000000b0580fe5b0:   0000029202000000 000000b0580fe4c0
0x000000b0580fe5c0:   0000000000000000 0000000000000000
0x000000b0580fe5d0:   0000000000000000 0000000000000000
0x000000b0580fe5e0:   000000b000000000 0000000000000000
0x000000b0580fe5f0:   0000000000000000 0000000000000000
0x000000b0580fe600:   000000b0580fe880 0000000000000000 

Instructions: (pc=0x00007ff9500ac818)
0x00007ff9500ac718:   c4 b0 00 00 00 41 5e 5f 5e 5d 5b c3 cc cc cc cc
0x00007ff9500ac728:   cc cc cc cc cc cc cc cc 48 89 5c 24 08 48 89 6c
0x00007ff9500ac738:   24 10 48 89 74 24 18 57 41 56 41 57 48 83 ec 40
0x00007ff9500ac748:   8b 81 88 00 00 00 48 8d b9 f0 fc ff ff 05 55 21
0x00007ff9500ac758:   ff ff 48 8b ea 4c 8b f9 83 f8 01 76 0d 48 8b cf
0x00007ff9500ac768:   40 b6 01 e8 50 30 38 00 eb 03 40 32 f6 45 33 f6
0x00007ff9500ac778:   40 84 f6 41 8b de 48 0f 44 df c7 83 80 03 00 00
0x00007ff9500ac788:   05 00 00 00 e8 ef d8 26 00 48 8b 03 48 8b cb ff
0x00007ff9500ac798:   50 38 84 c0 74 0e 48 8b 83 10 01 00 00 c0 e8 03
0x00007ff9500ac7a8:   24 01 eb 0b 8b 05 ce f0 6d 00 85 c0 0f 95 c0 84
0x00007ff9500ac7b8:   c0 75 0d 8b 83 e0 00 00 00 a9 04 00 00 20 74 08
0x00007ff9500ac7c8:   48 8b cb e8 90 36 38 00 c7 83 80 03 00 00 06 00
0x00007ff9500ac7d8:   00 00 48 89 5c 24 20 4c 89 74 24 28 4c 39 73 08
0x00007ff9500ac7e8:   74 0a 48 8d 4c 24 20 e8 fc 62 2a 00 40 f6 c5 01
0x00007ff9500ac7f8:   74 0c 48 8d 4d ff ff 15 34 39 64 00 eb 09 48 8b
0x00007ff9500ac808:   cd ff 15 f9 b7 63 00 44 38 35 cb 48 6c 00 74 15
0x00007ff9500ac818:   8b 40 08 8b 0d 7f 3b 64 00 48 d3 e0 48 03 05 6d
0x00007ff9500ac828:   3b 64 00 eb 04 48 8b 40 08 48 8b 48 70 48 85 c9
0x00007ff9500ac838:   74 09 ff 15 c8 b7 63 00 4c 8b f0 49 8b d6 49 8b
0x00007ff9500ac848:   cf e8 e2 55 03 00 48 83 7c 24 28 00 48 8b f0 74
0x00007ff9500ac858:   0a 48 8d 4c 24 20 e8 2d 63 2a 00 48 8b bb f8 00
0x00007ff9500ac868:   00 00 48 8b 4f 10 48 83 39 00 74 0c 48 8b cf e8
0x00007ff9500ac878:   c4 6d f8 ff 48 8b 4f 10 48 8b 47 08 48 89 48 10
0x00007ff9500ac888:   48 8b 4f 08 48 8b 47 18 48 89 41 18 48 8b 4f 08
0x00007ff9500ac898:   48 8b 47 20 48 89 41 20 c7 83 80 03 00 00 07 00
0x00007ff9500ac8a8:   00 00 e8 d1 d7 26 00 48 8b 83 10 01 00 00 c0 e8
0x00007ff9500ac8b8:   03 a8 01 74 08 48 8b cb e8 eb d5 2d 00 48 8b 6c
0x00007ff9500ac8c8:   24 68 48 8b c6 48 8b 74 24 70 c7 83 80 03 00 00
0x00007ff9500ac8d8:   04 00 00 00 48 8b 5c 24 60 48 83 c4 40 41 5f 41
0x00007ff9500ac8e8:   5e 5f c3 cc cc cc cc cc 48 89 5c 24 08 48 89 6c
0x00007ff9500ac8f8:   24 10 48 89 74 24 18 48 89 7c 24 20 41 56 48 83
0x00007ff9500ac908:   ec 20 8b 81 88 00 00 00 48 8d b9 f0 fc ff ff 05 


Stack slot to memory mapping:
stack at sp + 0 slots: 0x00000292c97ca800 is a thread
stack at sp + 1 slots: 0x00000292c97cab10 points into unknown readable memory: a0 2a 6f 50 f9 7f 00 00
stack at sp + 2 slots: 0x00000292c97ca800 is a thread
stack at sp + 3 slots: 0x000000b0580fe600 is pointing into the stack for thread: 0x00000292c97ca800
stack at sp + 4 slots: 0x00000292c97ca800 is a thread
stack at sp + 5 slots: 0x0 is NULL
stack at sp + 6 slots: 0x0 is NULL
stack at sp + 7 slots: 0x0 is NULL


---------------  P R O C E S S  ---------------

Threads class SMR info:
_java_thread_list=0x00000292f549e760, length=18, elements={
0x00000292c97ca800, 0x00000292ed5d8800, 0x00000292ed5d9800, 0x00000292ed5f1800,
0x00000292ed5f2800, 0x00000292ed5f4000, 0x00000292ede8a800, 0x00000292ed5fc800,
0x00000292ede8b000, 0x00000292edfa6000, 0x00000292ee049800, 0x00000292ee0a0800,
0x00000292ee0a1000, 0x00000292ee52e800, 0x00000292eec15800, 0x00000292f5500000,
0x00000292f5496000, 0x00000292f5986800
}

Java Threads: ( => current thread )
=>0x00000292c97ca800 JavaThread "main" [_thread_in_vm, id=2420, stack(0x000000b058000000,0x000000b058100000)]
  0x00000292ed5d8800 JavaThread "Reference Handler" daemon [_thread_blocked, id=3232, stack(0x000000b058700000,0x000000b058800000)]
  0x00000292ed5d9800 JavaThread "Finalizer" daemon [_thread_blocked, id=6044, stack(0x000000b058800000,0x000000b058900000)]
  0x00000292ed5f1800 JavaThread "Signal Dispatcher" daemon [_thread_blocked, id=6560, stack(0x000000b058900000,0x000000b058a00000)]
  0x00000292ed5f2800 JavaThread "Attach Listener" daemon [_thread_blocked, id=11708, stack(0x000000b058a00000,0x000000b058b00000)]
  0x00000292ed5f4000 JavaThread "Service Thread" daemon [_thread_blocked, id=11932, stack(0x000000b058b00000,0x000000b058c00000)]
  0x00000292ede8a800 JavaThread "C2 CompilerThread0" daemon [_thread_blocked, id=8020, stack(0x000000b058c00000,0x000000b058d00000)]
  0x00000292ed5fc800 JavaThread "C1 CompilerThread0" daemon [_thread_blocked, id=13652, stack(0x000000b058d00000,0x000000b058e00000)]
  0x00000292ede8b000 JavaThread "Sweeper thread" daemon [_thread_blocked, id=9984, stack(0x000000b058e00000,0x000000b058f00000)]
  0x00000292edfa6000 JavaThread "Common-Cleaner" daemon [_thread_blocked, id=15172, stack(0x000000b058f00000,0x000000b059000000)]
  0x00000292ee049800 JavaThread "Notification Thread" daemon [_thread_blocked, id=14096, stack(0x000000b059100000,0x000000b059200000)]
  0x00000292ee0a0800 JavaThread "Java2D Disposer" daemon [_thread_blocked, id=6928, stack(0x000000b059300000,0x000000b059400000)]
  0x00000292ee0a1000 JavaThread "AWT-Shutdown" [_thread_blocked, id=6988, stack(0x000000b059400000,0x000000b059500000)]
  0x00000292ee52e800 JavaThread "AWT-Windows" daemon [_thread_in_native, id=1692, stack(0x000000b059500000,0x000000b059600000)]
  0x00000292eec15800 JavaThread "AWT-EventQueue-0" [_thread_blocked, id=10436, stack(0x000000b059850000,0x000000b059950000)]
  0x00000292f5500000 JavaThread "C2 CompilerThread1" daemon [_thread_blocked, id=8928, stack(0x000000b059950000,0x000000b059a50000)]
  0x00000292f5496000 JavaThread "Image Fetcher 0" daemon [_thread_blocked, id=9620, stack(0x000000b059a50000,0x000000b059b50000)]
  0x00000292f5986800 JavaThread "C2 CompilerThread2" daemon [_thread_blocked, id=7552, stack(0x000000b059f50000,0x000000b05a050000)]

Other Threads:
  0x00000292ed5d5800 VMThread "VM Thread" [stack: 0x000000b058600000,0x000000b058700000] [id=2896]
  0x00000292ee0a6000 WatcherThread [stack: 0x000000b059200000,0x000000b059300000] [id=12740]
  0x00000292c982f000 GCTaskThread "GC Thread#0" [stack: 0x000000b058100000,0x000000b058200000] [id=144]
  0x00000292c9853000 ConcurrentGCThread "G1 Main Marker" [stack: 0x000000b058200000,0x000000b058300000] [id=2148]
  0x00000292c9854800 ConcurrentGCThread "G1 Conc#0" [stack: 0x000000b058300000,0x000000b058400000] [id=12496]
  0x00000292ed4c4800 ConcurrentGCThread "G1 Refine#0" [stack: 0x000000b058400000,0x000000b058500000] [id=8272]
  0x00000292ed4c5000 ConcurrentGCThread "G1 Young RemSet Sampling" [stack: 0x000000b058500000,0x000000b058600000] [id=8592]

Threads with active compile tasks:

VM state:not at safepoint (normal execution)

VM Mutex/Monitor currently owned by a thread: None

Heap address: 0x0000000700c00000, size: 4084 MB, Compressed Oops mode: Zero based, Oop shift amount: 3
Narrow klass base: 0x0000000800000000, Narrow klass shift: 3
Compressed class space size: 1073741824 Address: 0x0000000800b30000

Heap:
 garbage-first heap   total 262144K, used 17408K [0x0000000700c00000, 0x0000000800000000)
  region size 1024K, 19 young (19456K), 0 survivors (0K)
 Metaspace       used 17487K, capacity 17953K, committed 18176K, reserved 1064960K
  class space    used 2048K, capacity 2253K, committed 2304K, reserved 1048576K
Heap Regions: E=young(eden), S=young(survivor), O=old, HS=humongous(starts), HC=humongous(continues), CS=collection set, F=free, OA=open archive, CA=closed archive, TAMS=top-at-mark-start (previous, next)
|   0|0x0000000700c00000, 0x0000000700c00000, 0x0000000700d00000|  0%| F|  |TAMS 0x0000000700c00000, 0x0000000700c00000| Untracked 
|   1|0x0000000700d00000, 0x0000000700d00000, 0x0000000700e00000|  0%| F|  |TAMS 0x0000000700d00000, 0x0000000700d00000| Untracked 
|   2|0x0000000700e00000, 0x0000000700e00000, 0x0000000700f00000|  0%| F|  |TAMS 0x0000000700e00000, 0x0000000700e00000| Untracked 
|   3|0x0000000700f00000, 0x0000000700f00000, 0x0000000701000000|  0%| F|  |TAMS 0x0000000700f00000, 0x0000000700f00000| Untracked 
|   4|0x0000000701000000, 0x0000000701000000, 0x0000000701100000|  0%| F|  |TAMS 0x0000000701000000, 0x0000000701000000| Untracked 
|   5|0x0000000701100000, 0x0000000701100000, 0x0000000701200000|  0%| F|  |TAMS 0x0000000701100000, 0x0000000701100000| Untracked 
|   6|0x0000000701200000, 0x0000000701200000, 0x0000000701300000|  0%| F|  |TAMS 0x0000000701200000, 0x0000000701200000| Untracked 
|   7|0x0000000701300000, 0x0000000701300000, 0x0000000701400000|  0%| F|  |TAMS 0x0000000701300000, 0x0000000701300000| Untracked 
|   8|0x0000000701400000, 0x0000000701400000, 0x0000000701500000|  0%| F|  |TAMS 0x0000000701400000, 0x0000000701400000| Untracked 
|   9|0x0000000701500000, 0x0000000701500000, 0x0000000701600000|  0%| F|  |TAMS 0x0000000701500000, 0x0000000701500000| Untracked 
|  10|0x0000000701600000, 0x0000000701600000, 0x0000000701700000|  0%| F|  |TAMS 0x0000000701600000, 0x0000000701600000| Untracked 
|  11|0x0000000701700000, 0x0000000701700000, 0x0000000701800000|  0%| F|  |TAMS 0x0000000701700000, 0x0000000701700000| Untracked 
|  12|0x0000000701800000, 0x0000000701800000, 0x0000000701900000|  0%| F|  |TAMS 0x0000000701800000, 0x0000000701800000| Untracked 
|  13|0x0000000701900000, 0x0000000701900000, 0x0000000701a00000|  0%| F|  |TAMS 0x0000000701900000, 0x0000000701900000| Untracked 
|  14|0x0000000701a00000, 0x0000000701a00000, 0x0000000701b00000|  0%| F|  |TAMS 0x0000000701a00000, 0x0000000701a00000| Untracked 
|  15|0x0000000701b00000, 0x0000000701b00000, 0x0000000701c00000|  0%| F|  |TAMS 0x0000000701b00000, 0x0000000701b00000| Untracked 
|  16|0x0000000701c00000, 0x0000000701c00000, 0x0000000701d00000|  0%| F|  |TAMS 0x0000000701c00000, 0x0000000701c00000| Untracked 
|  17|0x0000000701d00000, 0x0000000701d00000, 0x0000000701e00000|  0%| F|  |TAMS 0x0000000701d00000, 0x0000000701d00000| Untracked 
|  18|0x0000000701e00000, 0x0000000701e00000, 0x0000000701f00000|  0%| F|  |TAMS 0x0000000701e00000, 0x0000000701e00000| Untracked 
|  19|0x0000000701f00000, 0x0000000701f00000, 0x0000000702000000|  0%| F|  |TAMS 0x0000000701f00000, 0x0000000701f00000| Untracked 
|  20|0x0000000702000000, 0x0000000702000000, 0x0000000702100000|  0%| F|  |TAMS 0x0000000702000000, 0x0000000702000000| Untracked 
|  21|0x0000000702100000, 0x0000000702100000, 0x0000000702200000|  0%| F|  |TAMS 0x0000000702100000, 0x0000000702100000| Untracked 
|  22|0x0000000702200000, 0x0000000702200000, 0x0000000702300000|  0%| F|  |TAMS 0x0000000702200000, 0x0000000702200000| Untracked 
|  23|0x0000000702300000, 0x0000000702300000, 0x0000000702400000|  0%| F|  |TAMS 0x0000000702300000, 0x0000000702300000| Untracked 
|  24|0x0000000702400000, 0x0000000702400000, 0x0000000702500000|  0%| F|  |TAMS 0x0000000702400000, 0x0000000702400000| Untracked 
|  25|0x0000000702500000, 0x0000000702500000, 0x0000000702600000|  0%| F|  |TAMS 0x0000000702500000, 0x0000000702500000| Untracked 
|  26|0x0000000702600000, 0x0000000702600000, 0x0000000702700000|  0%| F|  |TAMS 0x0000000702600000, 0x0000000702600000| Untracked 
|  27|0x0000000702700000, 0x0000000702700000, 0x0000000702800000|  0%| F|  |TAMS 0x0000000702700000, 0x0000000702700000| Untracked 
|  28|0x0000000702800000, 0x0000000702800000, 0x0000000702900000|  0%| F|  |TAMS 0x0000000702800000, 0x0000000702800000| Untracked 
|  29|0x0000000702900000, 0x0000000702900000, 0x0000000702a00000|  0%| F|  |TAMS 0x0000000702900000, 0x0000000702900000| Untracked 
|  30|0x0000000702a00000, 0x0000000702a00000, 0x0000000702b00000|  0%| F|  |TAMS 0x0000000702a00000, 0x0000000702a00000| Untracked 
|  31|0x0000000702b00000, 0x0000000702b00000, 0x0000000702c00000|  0%| F|  |TAMS 0x0000000702b00000, 0x0000000702b00000| Untracked 
|  32|0x0000000702c00000, 0x0000000702c00000, 0x0000000702d00000|  0%| F|  |TAMS 0x0000000702c00000, 0x0000000702c00000| Untracked 
|  33|0x0000000702d00000, 0x0000000702d00000, 0x0000000702e00000|  0%| F|  |TAMS 0x0000000702d00000, 0x0000000702d00000| Untracked 
|  34|0x0000000702e00000, 0x0000000702e00000, 0x0000000702f00000|  0%| F|  |TAMS 0x0000000702e00000, 0x0000000702e00000| Untracked 
|  35|0x0000000702f00000, 0x0000000702f00000, 0x0000000703000000|  0%| F|  |TAMS 0x0000000702f00000, 0x0000000702f00000| Untracked 
|  36|0x0000000703000000, 0x0000000703000000, 0x0000000703100000|  0%| F|  |TAMS 0x0000000703000000, 0x0000000703000000| Untracked 
|  37|0x0000000703100000, 0x0000000703100000, 0x0000000703200000|  0%| F|  |TAMS 0x0000000703100000, 0x0000000703100000| Untracked 
|  38|0x0000000703200000, 0x0000000703200000, 0x0000000703300000|  0%| F|  |TAMS 0x0000000703200000, 0x0000000703200000| Untracked 
|  39|0x0000000703300000, 0x0000000703300000, 0x0000000703400000|  0%| F|  |TAMS 0x0000000703300000, 0x0000000703300000| Untracked 
|  40|0x0000000703400000, 0x0000000703400000, 0x0000000703500000|  0%| F|  |TAMS 0x0000000703400000, 0x0000000703400000| Untracked 
|  41|0x0000000703500000, 0x0000000703500000, 0x0000000703600000|  0%| F|  |TAMS 0x0000000703500000, 0x0000000703500000| Untracked 
|  42|0x0000000703600000, 0x0000000703600000, 0x0000000703700000|  0%| F|  |TAMS 0x0000000703600000, 0x0000000703600000| Untracked 
|  43|0x0000000703700000, 0x0000000703700000, 0x0000000703800000|  0%| F|  |TAMS 0x0000000703700000, 0x0000000703700000| Untracked 
|  44|0x0000000703800000, 0x0000000703800000, 0x0000000703900000|  0%| F|  |TAMS 0x0000000703800000, 0x0000000703800000| Untracked 
|  45|0x0000000703900000, 0x0000000703900000, 0x0000000703a00000|  0%| F|  |TAMS 0x0000000703900000, 0x0000000703900000| Untracked 
|  46|0x0000000703a00000, 0x0000000703a00000, 0x0000000703b00000|  0%| F|  |TAMS 0x0000000703a00000, 0x0000000703a00000| Untracked 
|  47|0x0000000703b00000, 0x0000000703b00000, 0x0000000703c00000|  0%| F|  |TAMS 0x0000000703b00000, 0x0000000703b00000| Untracked 
|  48|0x0000000703c00000, 0x0000000703c00000, 0x0000000703d00000|  0%| F|  |TAMS 0x0000000703c00000, 0x0000000703c00000| Untracked 
|  49|0x0000000703d00000, 0x0000000703d00000, 0x0000000703e00000|  0%| F|  |TAMS 0x0000000703d00000, 0x0000000703d00000| Untracked 
|  50|0x0000000703e00000, 0x0000000703e00000, 0x0000000703f00000|  0%| F|  |TAMS 0x0000000703e00000, 0x0000000703e00000| Untracked 
|  51|0x0000000703f00000, 0x0000000703f00000, 0x0000000704000000|  0%| F|  |TAMS 0x0000000703f00000, 0x0000000703f00000| Untracked 
|  52|0x0000000704000000, 0x0000000704000000, 0x0000000704100000|  0%| F|  |TAMS 0x0000000704000000, 0x0000000704000000| Untracked 
|  53|0x0000000704100000, 0x0000000704100000, 0x0000000704200000|  0%| F|  |TAMS 0x0000000704100000, 0x0000000704100000| Untracked 
|  54|0x0000000704200000, 0x0000000704200000, 0x0000000704300000|  0%| F|  |TAMS 0x0000000704200000, 0x0000000704200000| Untracked 
|  55|0x0000000704300000, 0x0000000704300000, 0x0000000704400000|  0%| F|  |TAMS 0x0000000704300000, 0x0000000704300000| Untracked 
|  56|0x0000000704400000, 0x0000000704400000, 0x0000000704500000|  0%| F|  |TAMS 0x0000000704400000, 0x0000000704400000| Untracked 
|  57|0x0000000704500000, 0x0000000704500000, 0x0000000704600000|  0%| F|  |TAMS 0x0000000704500000, 0x0000000704500000| Untracked 
|  58|0x0000000704600000, 0x0000000704600000, 0x0000000704700000|  0%| F|  |TAMS 0x0000000704600000, 0x0000000704600000| Untracked 
|  59|0x0000000704700000, 0x0000000704700000, 0x0000000704800000|  0%| F|  |TAMS 0x0000000704700000, 0x0000000704700000| Untracked 
|  60|0x0000000704800000, 0x0000000704800000, 0x0000000704900000|  0%| F|  |TAMS 0x0000000704800000, 0x0000000704800000| Untracked 
|  61|0x0000000704900000, 0x0000000704900000, 0x0000000704a00000|  0%| F|  |TAMS 0x0000000704900000, 0x0000000704900000| Untracked 
|  62|0x0000000704a00000, 0x0000000704a00000, 0x0000000704b00000|  0%| F|  |TAMS 0x0000000704a00000, 0x0000000704a00000| Untracked 
|  63|0x0000000704b00000, 0x0000000704b00000, 0x0000000704c00000|  0%| F|  |TAMS 0x0000000704b00000, 0x0000000704b00000| Untracked 
|  64|0x0000000704c00000, 0x0000000704c00000, 0x0000000704d00000|  0%| F|  |TAMS 0x0000000704c00000, 0x0000000704c00000| Untracked 
|  65|0x0000000704d00000, 0x0000000704d00000, 0x0000000704e00000|  0%| F|  |TAMS 0x0000000704d00000, 0x0000000704d00000| Untracked 
|  66|0x0000000704e00000, 0x0000000704e00000, 0x0000000704f00000|  0%| F|  |TAMS 0x0000000704e00000, 0x0000000704e00000| Untracked 
|  67|0x0000000704f00000, 0x0000000704f00000, 0x0000000705000000|  0%| F|  |TAMS 0x0000000704f00000, 0x0000000704f00000| Untracked 
|  68|0x0000000705000000, 0x0000000705000000, 0x0000000705100000|  0%| F|  |TAMS 0x0000000705000000, 0x0000000705000000| Untracked 
|  69|0x0000000705100000, 0x0000000705100000, 0x0000000705200000|  0%| F|  |TAMS 0x0000000705100000, 0x0000000705100000| Untracked 
|  70|0x0000000705200000, 0x0000000705200000, 0x0000000705300000|  0%| F|  |TAMS 0x0000000705200000, 0x0000000705200000| Untracked 
|  71|0x0000000705300000, 0x0000000705300000, 0x0000000705400000|  0%| F|  |TAMS 0x0000000705300000, 0x0000000705300000| Untracked 
|  72|0x0000000705400000, 0x0000000705400000, 0x0000000705500000|  0%| F|  |TAMS 0x0000000705400000, 0x0000000705400000| Untracked 
|  73|0x0000000705500000, 0x0000000705500000, 0x0000000705600000|  0%| F|  |TAMS 0x0000000705500000, 0x0000000705500000| Untracked 
|  74|0x0000000705600000, 0x0000000705600000, 0x0000000705700000|  0%| F|  |TAMS 0x0000000705600000, 0x0000000705600000| Untracked 
|  75|0x0000000705700000, 0x0000000705700000, 0x0000000705800000|  0%| F|  |TAMS 0x0000000705700000, 0x0000000705700000| Untracked 
|  76|0x0000000705800000, 0x0000000705800000, 0x0000000705900000|  0%| F|  |TAMS 0x0000000705800000, 0x0000000705800000| Untracked 
|  77|0x0000000705900000, 0x0000000705900000, 0x0000000705a00000|  0%| F|  |TAMS 0x0000000705900000, 0x0000000705900000| Untracked 
|  78|0x0000000705a00000, 0x0000000705a00000, 0x0000000705b00000|  0%| F|  |TAMS 0x0000000705a00000, 0x0000000705a00000| Untracked 
|  79|0x0000000705b00000, 0x0000000705b00000, 0x0000000705c00000|  0%| F|  |TAMS 0x0000000705b00000, 0x0000000705b00000| Untracked 
|  80|0x0000000705c00000, 0x0000000705c00000, 0x0000000705d00000|  0%| F|  |TAMS 0x0000000705c00000, 0x0000000705c00000| Untracked 
|  81|0x0000000705d00000, 0x0000000705d00000, 0x0000000705e00000|  0%| F|  |TAMS 0x0000000705d00000, 0x0000000705d00000| Untracked 
|  82|0x0000000705e00000, 0x0000000705e00000, 0x0000000705f00000|  0%| F|  |TAMS 0x0000000705e00000, 0x0000000705e00000| Untracked 
|  83|0x0000000705f00000, 0x0000000705f00000, 0x0000000706000000|  0%| F|  |TAMS 0x0000000705f00000, 0x0000000705f00000| Untracked 
|  84|0x0000000706000000, 0x0000000706000000, 0x0000000706100000|  0%| F|  |TAMS 0x0000000706000000, 0x0000000706000000| Untracked 
|  85|0x0000000706100000, 0x0000000706100000, 0x0000000706200000|  0%| F|  |TAMS 0x0000000706100000, 0x0000000706100000| Untracked 
|  86|0x0000000706200000, 0x0000000706200000, 0x0000000706300000|  0%| F|  |TAMS 0x0000000706200000, 0x0000000706200000| Untracked 
|  87|0x0000000706300000, 0x0000000706300000, 0x0000000706400000|  0%| F|  |TAMS 0x0000000706300000, 0x0000000706300000| Untracked 
|  88|0x0000000706400000, 0x0000000706400000, 0x0000000706500000|  0%| F|  |TAMS 0x0000000706400000, 0x0000000706400000| Untracked 
|  89|0x0000000706500000, 0x0000000706500000, 0x0000000706600000|  0%| F|  |TAMS 0x0000000706500000, 0x0000000706500000| Untracked 
|  90|0x0000000706600000, 0x0000000706600000, 0x0000000706700000|  0%| F|  |TAMS 0x0000000706600000, 0x0000000706600000| Untracked 
|  91|0x0000000706700000, 0x0000000706700000, 0x0000000706800000|  0%| F|  |TAMS 0x0000000706700000, 0x0000000706700000| Untracked 
|  92|0x0000000706800000, 0x0000000706800000, 0x0000000706900000|  0%| F|  |TAMS 0x0000000706800000, 0x0000000706800000| Untracked 
|  93|0x0000000706900000, 0x0000000706900000, 0x0000000706a00000|  0%| F|  |TAMS 0x0000000706900000, 0x0000000706900000| Untracked 
|  94|0x0000000706a00000, 0x0000000706a00000, 0x0000000706b00000|  0%| F|  |TAMS 0x0000000706a00000, 0x0000000706a00000| Untracked 
|  95|0x0000000706b00000, 0x0000000706b00000, 0x0000000706c00000|  0%| F|  |TAMS 0x0000000706b00000, 0x0000000706b00000| Untracked 
|  96|0x0000000706c00000, 0x0000000706c00000, 0x0000000706d00000|  0%| F|  |TAMS 0x0000000706c00000, 0x0000000706c00000| Untracked 
|  97|0x0000000706d00000, 0x0000000706d00000, 0x0000000706e00000|  0%| F|  |TAMS 0x0000000706d00000, 0x0000000706d00000| Untracked 
|  98|0x0000000706e00000, 0x0000000706e00000, 0x0000000706f00000|  0%| F|  |TAMS 0x0000000706e00000, 0x0000000706e00000| Untracked 
|  99|0x0000000706f00000, 0x0000000706f00000, 0x0000000707000000|  0%| F|  |TAMS 0x0000000706f00000, 0x0000000706f00000| Untracked 
| 100|0x0000000707000000, 0x0000000707000000, 0x0000000707100000|  0%| F|  |TAMS 0x0000000707000000, 0x0000000707000000| Untracked 
| 101|0x0000000707100000, 0x0000000707100000, 0x0000000707200000|  0%| F|  |TAMS 0x0000000707100000, 0x0000000707100000| Untracked 
| 102|0x0000000707200000, 0x0000000707200000, 0x0000000707300000|  0%| F|  |TAMS 0x0000000707200000, 0x0000000707200000| Untracked 
| 103|0x0000000707300000, 0x0000000707300000, 0x0000000707400000|  0%| F|  |TAMS 0x0000000707300000, 0x0000000707300000| Untracked 
| 104|0x0000000707400000, 0x0000000707400000, 0x0000000707500000|  0%| F|  |TAMS 0x0000000707400000, 0x0000000707400000| Untracked 
| 105|0x0000000707500000, 0x0000000707500000, 0x0000000707600000|  0%| F|  |TAMS 0x0000000707500000, 0x0000000707500000| Untracked 
| 106|0x0000000707600000, 0x0000000707600000, 0x0000000707700000|  0%| F|  |TAMS 0x0000000707600000, 0x0000000707600000| Untracked 
| 107|0x0000000707700000, 0x0000000707700000, 0x0000000707800000|  0%| F|  |TAMS 0x0000000707700000, 0x0000000707700000| Untracked 
| 108|0x0000000707800000, 0x0000000707800000, 0x0000000707900000|  0%| F|  |TAMS 0x0000000707800000, 0x0000000707800000| Untracked 
| 109|0x0000000707900000, 0x0000000707900000, 0x0000000707a00000|  0%| F|  |TAMS 0x0000000707900000, 0x0000000707900000| Untracked 
| 110|0x0000000707a00000, 0x0000000707a00000, 0x0000000707b00000|  0%| F|  |TAMS 0x0000000707a00000, 0x0000000707a00000| Untracked 
| 111|0x0000000707b00000, 0x0000000707b00000, 0x0000000707c00000|  0%| F|  |TAMS 0x0000000707b00000, 0x0000000707b00000| Untracked 
| 112|0x0000000707c00000, 0x0000000707c00000, 0x0000000707d00000|  0%| F|  |TAMS 0x0000000707c00000, 0x0000000707c00000| Untracked 
| 113|0x0000000707d00000, 0x0000000707d00000, 0x0000000707e00000|  0%| F|  |TAMS 0x0000000707d00000, 0x0000000707d00000| Untracked 
| 114|0x0000000707e00000, 0x0000000707e00000, 0x0000000707f00000|  0%| F|  |TAMS 0x0000000707e00000, 0x0000000707e00000| Untracked 
| 115|0x0000000707f00000, 0x0000000707f00000, 0x0000000708000000|  0%| F|  |TAMS 0x0000000707f00000, 0x0000000707f00000| Untracked 
| 116|0x0000000708000000, 0x0000000708000000, 0x0000000708100000|  0%| F|  |TAMS 0x0000000708000000, 0x0000000708000000| Untracked 
| 117|0x0000000708100000, 0x0000000708100000, 0x0000000708200000|  0%| F|  |TAMS 0x0000000708100000, 0x0000000708100000| Untracked 
| 118|0x0000000708200000, 0x0000000708200000, 0x0000000708300000|  0%| F|  |TAMS 0x0000000708200000, 0x0000000708200000| Untracked 
| 119|0x0000000708300000, 0x0000000708300000, 0x0000000708400000|  0%| F|  |TAMS 0x0000000708300000, 0x0000000708300000| Untracked 
| 120|0x0000000708400000, 0x0000000708400000, 0x0000000708500000|  0%| F|  |TAMS 0x0000000708400000, 0x0000000708400000| Untracked 
| 121|0x0000000708500000, 0x0000000708500000, 0x0000000708600000|  0%| F|  |TAMS 0x0000000708500000, 0x0000000708500000| Untracked 
| 122|0x0000000708600000, 0x0000000708600000, 0x0000000708700000|  0%| F|  |TAMS 0x0000000708600000, 0x0000000708600000| Untracked 
| 123|0x0000000708700000, 0x0000000708700000, 0x0000000708800000|  0%| F|  |TAMS 0x0000000708700000, 0x0000000708700000| Untracked 
| 124|0x0000000708800000, 0x0000000708800000, 0x0000000708900000|  0%| F|  |TAMS 0x0000000708800000, 0x0000000708800000| Untracked 
| 125|0x0000000708900000, 0x0000000708900000, 0x0000000708a00000|  0%| F|  |TAMS 0x0000000708900000, 0x0000000708900000| Untracked 
| 126|0x0000000708a00000, 0x0000000708a00000, 0x0000000708b00000|  0%| F|  |TAMS 0x0000000708a00000, 0x0000000708a00000| Untracked 
| 127|0x0000000708b00000, 0x0000000708b00000, 0x0000000708c00000|  0%| F|  |TAMS 0x0000000708b00000, 0x0000000708b00000| Untracked 
| 128|0x0000000708c00000, 0x0000000708c00000, 0x0000000708d00000|  0%| F|  |TAMS 0x0000000708c00000, 0x0000000708c00000| Untracked 
| 129|0x0000000708d00000, 0x0000000708d00000, 0x0000000708e00000|  0%| F|  |TAMS 0x0000000708d00000, 0x0000000708d00000| Untracked 
| 130|0x0000000708e00000, 0x0000000708e00000, 0x0000000708f00000|  0%| F|  |TAMS 0x0000000708e00000, 0x0000000708e00000| Untracked 
| 131|0x0000000708f00000, 0x0000000708f00000, 0x0000000709000000|  0%| F|  |TAMS 0x0000000708f00000, 0x0000000708f00000| Untracked 
| 132|0x0000000709000000, 0x0000000709000000, 0x0000000709100000|  0%| F|  |TAMS 0x0000000709000000, 0x0000000709000000| Untracked 
| 133|0x0000000709100000, 0x0000000709100000, 0x0000000709200000|  0%| F|  |TAMS 0x0000000709100000, 0x0000000709100000| Untracked 
| 134|0x0000000709200000, 0x0000000709200000, 0x0000000709300000|  0%| F|  |TAMS 0x0000000709200000, 0x0000000709200000| Untracked 
| 135|0x0000000709300000, 0x0000000709300000, 0x0000000709400000|  0%| F|  |TAMS 0x0000000709300000, 0x0000000709300000| Untracked 
| 136|0x0000000709400000, 0x0000000709400000, 0x0000000709500000|  0%| F|  |TAMS 0x0000000709400000, 0x0000000709400000| Untracked 
| 137|0x0000000709500000, 0x0000000709500000, 0x0000000709600000|  0%| F|  |TAMS 0x0000000709500000, 0x0000000709500000| Untracked 
| 138|0x0000000709600000, 0x0000000709600000, 0x0000000709700000|  0%| F|  |TAMS 0x0000000709600000, 0x0000000709600000| Untracked 
| 139|0x0000000709700000, 0x0000000709700000, 0x0000000709800000|  0%| F|  |TAMS 0x0000000709700000, 0x0000000709700000| Untracked 
| 140|0x0000000709800000, 0x0000000709800000, 0x0000000709900000|  0%| F|  |TAMS 0x0000000709800000, 0x0000000709800000| Untracked 
| 141|0x0000000709900000, 0x0000000709900000, 0x0000000709a00000|  0%| F|  |TAMS 0x0000000709900000, 0x0000000709900000| Untracked 
| 142|0x0000000709a00000, 0x0000000709a00000, 0x0000000709b00000|  0%| F|  |TAMS 0x0000000709a00000, 0x0000000709a00000| Untracked 
| 143|0x0000000709b00000, 0x0000000709b00000, 0x0000000709c00000|  0%| F|  |TAMS 0x0000000709b00000, 0x0000000709b00000| Untracked 
| 144|0x0000000709c00000, 0x0000000709c00000, 0x0000000709d00000|  0%| F|  |TAMS 0x0000000709c00000, 0x0000000709c00000| Untracked 
| 145|0x0000000709d00000, 0x0000000709d00000, 0x0000000709e00000|  0%| F|  |TAMS 0x0000000709d00000, 0x0000000709d00000| Untracked 
| 146|0x0000000709e00000, 0x0000000709e00000, 0x0000000709f00000|  0%| F|  |TAMS 0x0000000709e00000, 0x0000000709e00000| Untracked 
| 147|0x0000000709f00000, 0x0000000709f00000, 0x000000070a000000|  0%| F|  |TAMS 0x0000000709f00000, 0x0000000709f00000| Untracked 
| 148|0x000000070a000000, 0x000000070a000000, 0x000000070a100000|  0%| F|  |TAMS 0x000000070a000000, 0x000000070a000000| Untracked 
| 149|0x000000070a100000, 0x000000070a100000, 0x000000070a200000|  0%| F|  |TAMS 0x000000070a100000, 0x000000070a100000| Untracked 
| 150|0x000000070a200000, 0x000000070a200000, 0x000000070a300000|  0%| F|  |TAMS 0x000000070a200000, 0x000000070a200000| Untracked 
| 151|0x000000070a300000, 0x000000070a300000, 0x000000070a400000|  0%| F|  |TAMS 0x000000070a300000, 0x000000070a300000| Untracked 
| 152|0x000000070a400000, 0x000000070a400000, 0x000000070a500000|  0%| F|  |TAMS 0x000000070a400000, 0x000000070a400000| Untracked 
| 153|0x000000070a500000, 0x000000070a500000, 0x000000070a600000|  0%| F|  |TAMS 0x000000070a500000, 0x000000070a500000| Untracked 
| 154|0x000000070a600000, 0x000000070a600000, 0x000000070a700000|  0%| F|  |TAMS 0x000000070a600000, 0x000000070a600000| Untracked 
| 155|0x000000070a700000, 0x000000070a700000, 0x000000070a800000|  0%| F|  |TAMS 0x000000070a700000, 0x000000070a700000| Untracked 
| 156|0x000000070a800000, 0x000000070a800000, 0x000000070a900000|  0%| F|  |TAMS 0x000000070a800000, 0x000000070a800000| Untracked 
| 157|0x000000070a900000, 0x000000070a900000, 0x000000070aa00000|  0%| F|  |TAMS 0x000000070a900000, 0x000000070a900000| Untracked 
| 158|0x000000070aa00000, 0x000000070aa00000, 0x000000070ab00000|  0%| F|  |TAMS 0x000000070aa00000, 0x000000070aa00000| Untracked 
| 159|0x000000070ab00000, 0x000000070ab00000, 0x000000070ac00000|  0%| F|  |TAMS 0x000000070ab00000, 0x000000070ab00000| Untracked 
| 160|0x000000070ac00000, 0x000000070ac00000, 0x000000070ad00000|  0%| F|  |TAMS 0x000000070ac00000, 0x000000070ac00000| Untracked 
| 161|0x000000070ad00000, 0x000000070ad00000, 0x000000070ae00000|  0%| F|  |TAMS 0x000000070ad00000, 0x000000070ad00000| Untracked 
| 162|0x000000070ae00000, 0x000000070ae00000, 0x000000070af00000|  0%| F|  |TAMS 0x000000070ae00000, 0x000000070ae00000| Untracked 
| 163|0x000000070af00000, 0x000000070af00000, 0x000000070b000000|  0%| F|  |TAMS 0x000000070af00000, 0x000000070af00000| Untracked 
| 164|0x000000070b000000, 0x000000070b000000, 0x000000070b100000|  0%| F|  |TAMS 0x000000070b000000, 0x000000070b000000| Untracked 
| 165|0x000000070b100000, 0x000000070b100000, 0x000000070b200000|  0%| F|  |TAMS 0x000000070b100000, 0x000000070b100000| Untracked 
| 166|0x000000070b200000, 0x000000070b200000, 0x000000070b300000|  0%| F|  |TAMS 0x000000070b200000, 0x000000070b200000| Untracked 
| 167|0x000000070b300000, 0x000000070b300000, 0x000000070b400000|  0%| F|  |TAMS 0x000000070b300000, 0x000000070b300000| Untracked 
| 168|0x000000070b400000, 0x000000070b400000, 0x000000070b500000|  0%| F|  |TAMS 0x000000070b400000, 0x000000070b400000| Untracked 
| 169|0x000000070b500000, 0x000000070b500000, 0x000000070b600000|  0%| F|  |TAMS 0x000000070b500000, 0x000000070b500000| Untracked 
| 170|0x000000070b600000, 0x000000070b600000, 0x000000070b700000|  0%| F|  |TAMS 0x000000070b600000, 0x000000070b600000| Untracked 
| 171|0x000000070b700000, 0x000000070b700000, 0x000000070b800000|  0%| F|  |TAMS 0x000000070b700000, 0x000000070b700000| Untracked 
| 172|0x000000070b800000, 0x000000070b800000, 0x000000070b900000|  0%| F|  |TAMS 0x000000070b800000, 0x000000070b800000| Untracked 
| 173|0x000000070b900000, 0x000000070b900000, 0x000000070ba00000|  0%| F|  |TAMS 0x000000070b900000, 0x000000070b900000| Untracked 
| 174|0x000000070ba00000, 0x000000070ba00000, 0x000000070bb00000|  0%| F|  |TAMS 0x000000070ba00000, 0x000000070ba00000| Untracked 
| 175|0x000000070bb00000, 0x000000070bb00000, 0x000000070bc00000|  0%| F|  |TAMS 0x000000070bb00000, 0x000000070bb00000| Untracked 
| 176|0x000000070bc00000, 0x000000070bc00000, 0x000000070bd00000|  0%| F|  |TAMS 0x000000070bc00000, 0x000000070bc00000| Untracked 
| 177|0x000000070bd00000, 0x000000070bd00000, 0x000000070be00000|  0%| F|  |TAMS 0x000000070bd00000, 0x000000070bd00000| Untracked 
| 178|0x000000070be00000, 0x000000070be00000, 0x000000070bf00000|  0%| F|  |TAMS 0x000000070be00000, 0x000000070be00000| Untracked 
| 179|0x000000070bf00000, 0x000000070bf00000, 0x000000070c000000|  0%| F|  |TAMS 0x000000070bf00000, 0x000000070bf00000| Untracked 
| 180|0x000000070c000000, 0x000000070c000000, 0x000000070c100000|  0%| F|  |TAMS 0x000000070c000000, 0x000000070c000000| Untracked 
| 181|0x000000070c100000, 0x000000070c100000, 0x000000070c200000|  0%| F|  |TAMS 0x000000070c100000, 0x000000070c100000| Untracked 
| 182|0x000000070c200000, 0x000000070c200000, 0x000000070c300000|  0%| F|  |TAMS 0x000000070c200000, 0x000000070c200000| Untracked 
| 183|0x000000070c300000, 0x000000070c300000, 0x000000070c400000|  0%| F|  |TAMS 0x000000070c300000, 0x000000070c300000| Untracked 
| 184|0x000000070c400000, 0x000000070c400000, 0x000000070c500000|  0%| F|  |TAMS 0x000000070c400000, 0x000000070c400000| Untracked 
| 185|0x000000070c500000, 0x000000070c500000, 0x000000070c600000|  0%| F|  |TAMS 0x000000070c500000, 0x000000070c500000| Untracked 
| 186|0x000000070c600000, 0x000000070c600000, 0x000000070c700000|  0%| F|  |TAMS 0x000000070c600000, 0x000000070c600000| Untracked 
| 187|0x000000070c700000, 0x000000070c700000, 0x000000070c800000|  0%| F|  |TAMS 0x000000070c700000, 0x000000070c700000| Untracked 
| 188|0x000000070c800000, 0x000000070c800000, 0x000000070c900000|  0%| F|  |TAMS 0x000000070c800000, 0x000000070c800000| Untracked 
| 189|0x000000070c900000, 0x000000070c900000, 0x000000070ca00000|  0%| F|  |TAMS 0x000000070c900000, 0x000000070c900000| Untracked 
| 190|0x000000070ca00000, 0x000000070ca00000, 0x000000070cb00000|  0%| F|  |TAMS 0x000000070ca00000, 0x000000070ca00000| Untracked 
| 191|0x000000070cb00000, 0x000000070cb00000, 0x000000070cc00000|  0%| F|  |TAMS 0x000000070cb00000, 0x000000070cb00000| Untracked 
| 192|0x000000070cc00000, 0x000000070cc00000, 0x000000070cd00000|  0%| F|  |TAMS 0x000000070cc00000, 0x000000070cc00000| Untracked 
| 193|0x000000070cd00000, 0x000000070cd00000, 0x000000070ce00000|  0%| F|  |TAMS 0x000000070cd00000, 0x000000070cd00000| Untracked 
| 194|0x000000070ce00000, 0x000000070ce00000, 0x000000070cf00000|  0%| F|  |TAMS 0x000000070ce00000, 0x000000070ce00000| Untracked 
| 195|0x000000070cf00000, 0x000000070cf00000, 0x000000070d000000|  0%| F|  |TAMS 0x000000070cf00000, 0x000000070cf00000| Untracked 
| 196|0x000000070d000000, 0x000000070d000000, 0x000000070d100000|  0%| F|  |TAMS 0x000000070d000000, 0x000000070d000000| Untracked 
| 197|0x000000070d100000, 0x000000070d100000, 0x000000070d200000|  0%| F|  |TAMS 0x000000070d100000, 0x000000070d100000| Untracked 
| 198|0x000000070d200000, 0x000000070d200000, 0x000000070d300000|  0%| F|  |TAMS 0x000000070d200000, 0x000000070d200000| Untracked 
| 199|0x000000070d300000, 0x000000070d300000, 0x000000070d400000|  0%| F|  |TAMS 0x000000070d300000, 0x000000070d300000| Untracked 
| 200|0x000000070d400000, 0x000000070d400000, 0x000000070d500000|  0%| F|  |TAMS 0x000000070d400000, 0x000000070d400000| Untracked 
| 201|0x000000070d500000, 0x000000070d500000, 0x000000070d600000|  0%| F|  |TAMS 0x000000070d500000, 0x000000070d500000| Untracked 
| 202|0x000000070d600000, 0x000000070d600000, 0x000000070d700000|  0%| F|  |TAMS 0x000000070d600000, 0x000000070d600000| Untracked 
| 203|0x000000070d700000, 0x000000070d700000, 0x000000070d800000|  0%| F|  |TAMS 0x000000070d700000, 0x000000070d700000| Untracked 
| 204|0x000000070d800000, 0x000000070d800000, 0x000000070d900000|  0%| F|  |TAMS 0x000000070d800000, 0x000000070d800000| Untracked 
| 205|0x000000070d900000, 0x000000070d900000, 0x000000070da00000|  0%| F|  |TAMS 0x000000070d900000, 0x000000070d900000| Untracked 
| 206|0x000000070da00000, 0x000000070da00000, 0x000000070db00000|  0%| F|  |TAMS 0x000000070da00000, 0x000000070da00000| Untracked 
| 207|0x000000070db00000, 0x000000070db00000, 0x000000070dc00000|  0%| F|  |TAMS 0x000000070db00000, 0x000000070db00000| Untracked 
| 208|0x000000070dc00000, 0x000000070dc00000, 0x000000070dd00000|  0%| F|  |TAMS 0x000000070dc00000, 0x000000070dc00000| Untracked 
| 209|0x000000070dd00000, 0x000000070dd00000, 0x000000070de00000|  0%| F|  |TAMS 0x000000070dd00000, 0x000000070dd00000| Untracked 
| 210|0x000000070de00000, 0x000000070de00000, 0x000000070df00000|  0%| F|  |TAMS 0x000000070de00000, 0x000000070de00000| Untracked 
| 211|0x000000070df00000, 0x000000070df00000, 0x000000070e000000|  0%| F|  |TAMS 0x000000070df00000, 0x000000070df00000| Untracked 
| 212|0x000000070e000000, 0x000000070e000000, 0x000000070e100000|  0%| F|  |TAMS 0x000000070e000000, 0x000000070e000000| Untracked 
| 213|0x000000070e100000, 0x000000070e100000, 0x000000070e200000|  0%| F|  |TAMS 0x000000070e100000, 0x000000070e100000| Untracked 
| 214|0x000000070e200000, 0x000000070e200000, 0x000000070e300000|  0%| F|  |TAMS 0x000000070e200000, 0x000000070e200000| Untracked 
| 215|0x000000070e300000, 0x000000070e300000, 0x000000070e400000|  0%| F|  |TAMS 0x000000070e300000, 0x000000070e300000| Untracked 
| 216|0x000000070e400000, 0x000000070e400000, 0x000000070e500000|  0%| F|  |TAMS 0x000000070e400000, 0x000000070e400000| Untracked 
| 217|0x000000070e500000, 0x000000070e500000, 0x000000070e600000|  0%| F|  |TAMS 0x000000070e500000, 0x000000070e500000| Untracked 
| 218|0x000000070e600000, 0x000000070e600000, 0x000000070e700000|  0%| F|  |TAMS 0x000000070e600000, 0x000000070e600000| Untracked 
| 219|0x000000070e700000, 0x000000070e700000, 0x000000070e800000|  0%| F|  |TAMS 0x000000070e700000, 0x000000070e700000| Untracked 
| 220|0x000000070e800000, 0x000000070e800000, 0x000000070e900000|  0%| F|  |TAMS 0x000000070e800000, 0x000000070e800000| Untracked 
| 221|0x000000070e900000, 0x000000070e900000, 0x000000070ea00000|  0%| F|  |TAMS 0x000000070e900000, 0x000000070e900000| Untracked 
| 222|0x000000070ea00000, 0x000000070ea00000, 0x000000070eb00000|  0%| F|  |TAMS 0x000000070ea00000, 0x000000070ea00000| Untracked 
| 223|0x000000070eb00000, 0x000000070eb00000, 0x000000070ec00000|  0%| F|  |TAMS 0x000000070eb00000, 0x000000070eb00000| Untracked 
| 224|0x000000070ec00000, 0x000000070ec00000, 0x000000070ed00000|  0%| F|  |TAMS 0x000000070ec00000, 0x000000070ec00000| Untracked 
| 225|0x000000070ed00000, 0x000000070ed00000, 0x000000070ee00000|  0%| F|  |TAMS 0x000000070ed00000, 0x000000070ed00000| Untracked 
| 226|0x000000070ee00000, 0x000000070ee00000, 0x000000070ef00000|  0%| F|  |TAMS 0x000000070ee00000, 0x000000070ee00000| Untracked 
| 227|0x000000070ef00000, 0x000000070ef00000, 0x000000070f000000|  0%| F|  |TAMS 0x000000070ef00000, 0x000000070ef00000| Untracked 
| 228|0x000000070f000000, 0x000000070f000000, 0x000000070f100000|  0%| F|  |TAMS 0x000000070f000000, 0x000000070f000000| Untracked 
| 229|0x000000070f100000, 0x000000070f100000, 0x000000070f200000|  0%| F|  |TAMS 0x000000070f100000, 0x000000070f100000| Untracked 
| 230|0x000000070f200000, 0x000000070f200000, 0x000000070f300000|  0%| F|  |TAMS 0x000000070f200000, 0x000000070f200000| Untracked 
| 231|0x000000070f300000, 0x000000070f300000, 0x000000070f400000|  0%| F|  |TAMS 0x000000070f300000, 0x000000070f300000| Untracked 
| 232|0x000000070f400000, 0x000000070f400000, 0x000000070f500000|  0%| F|  |TAMS 0x000000070f400000, 0x000000070f400000| Untracked 
| 233|0x000000070f500000, 0x000000070f500000, 0x000000070f600000|  0%| F|  |TAMS 0x000000070f500000, 0x000000070f500000| Untracked 
| 234|0x000000070f600000, 0x000000070f600000, 0x000000070f700000|  0%| F|  |TAMS 0x000000070f600000, 0x000000070f600000| Untracked 
| 235|0x000000070f700000, 0x000000070f700000, 0x000000070f800000|  0%| F|  |TAMS 0x000000070f700000, 0x000000070f700000| Untracked 
| 236|0x000000070f800000, 0x000000070f800000, 0x000000070f900000|  0%| F|  |TAMS 0x000000070f800000, 0x000000070f800000| Untracked 
| 237|0x000000070f900000, 0x000000070f9ec0f8, 0x000000070fa00000| 92%| E|  |TAMS 0x000000070f900000, 0x000000070f900000| Complete 
| 238|0x000000070fa00000, 0x000000070fb00000, 0x000000070fb00000|100%| E|CS|TAMS 0x000000070fa00000, 0x000000070fa00000| Complete 
| 239|0x000000070fb00000, 0x000000070fc00000, 0x000000070fc00000|100%| E|CS|TAMS 0x000000070fb00000, 0x000000070fb00000| Complete 
| 240|0x000000070fc00000, 0x000000070fd00000, 0x000000070fd00000|100%| E|CS|TAMS 0x000000070fc00000, 0x000000070fc00000| Complete 
| 241|0x000000070fd00000, 0x000000070fe00000, 0x000000070fe00000|100%| E|CS|TAMS 0x000000070fd00000, 0x000000070fd00000| Complete 
| 242|0x000000070fe00000, 0x000000070ff00000, 0x000000070ff00000|100%| E|CS|TAMS 0x000000070fe00000, 0x000000070fe00000| Complete 
| 243|0x000000070ff00000, 0x0000000710000000, 0x0000000710000000|100%| E|  |TAMS 0x000000070ff00000, 0x000000070ff00000| Complete 
| 244|0x0000000710000000, 0x0000000710100000, 0x0000000710100000|100%| E|CS|TAMS 0x0000000710000000, 0x0000000710000000| Complete 
| 245|0x0000000710100000, 0x0000000710200000, 0x0000000710200000|100%| E|CS|TAMS 0x0000000710100000, 0x0000000710100000| Complete 
| 246|0x0000000710200000, 0x0000000710300000, 0x0000000710300000|100%| E|CS|TAMS 0x0000000710200000, 0x0000000710200000| Complete 
| 247|0x0000000710300000, 0x0000000710400000, 0x0000000710400000|100%| E|CS|TAMS 0x0000000710300000, 0x0000000710300000| Complete 
| 248|0x0000000710400000, 0x0000000710500000, 0x0000000710500000|100%| E|CS|TAMS 0x0000000710400000, 0x0000000710400000| Complete 
| 249|0x0000000710500000, 0x0000000710600000, 0x0000000710600000|100%| E|CS|TAMS 0x0000000710500000, 0x0000000710500000| Complete 
| 250|0x0000000710600000, 0x0000000710700000, 0x0000000710700000|100%| E|CS|TAMS 0x0000000710600000, 0x0000000710600000| Complete 
| 251|0x0000000710700000, 0x0000000710800000, 0x0000000710800000|100%| E|CS|TAMS 0x0000000710700000, 0x0000000710700000| Complete 
| 252|0x0000000710800000, 0x0000000710900000, 0x0000000710900000|100%| E|CS|TAMS 0x0000000710800000, 0x0000000710800000| Complete 
| 253|0x0000000710900000, 0x0000000710a00000, 0x0000000710a00000|100%| E|CS|TAMS 0x0000000710900000, 0x0000000710900000| Complete 
| 254|0x0000000710a00000, 0x0000000710b00000, 0x0000000710b00000|100%| E|CS|TAMS 0x0000000710a00000, 0x0000000710a00000| Complete 
| 255|0x0000000710b00000, 0x0000000710c00000, 0x0000000710c00000|100%| E|CS|TAMS 0x0000000710b00000, 0x0000000710b00000| Complete 

Card table byte_map: [0x00000292e1ac0000,0x00000292e22c0000] _byte_map_base: 0x00000292de2ba000

Marking Bits (Prev, Next): (CMBitMap*) 0x00000292c9830cc8, (CMBitMap*) 0x00000292c9830d08
 Prev Bits: [0x00000292e2ac0000, 0x00000292e6a90000)
 Next Bits: [0x00000292e6a90000, 0x00000292eaa60000)

Polling page: 0x00000292c77b0000

Metaspace:

Usage:
  Non-class:     15.33 MB capacity,    15.08 MB ( 98%) used,   222.99 KB (  1%) free+waste,    38.31 KB ( <1%) overhead. 
      Class:      2.20 MB capacity,     2.00 MB ( 91%) used,   182.68 KB (  8%) free+waste,    21.38 KB ( <1%) overhead. 
       Both:     17.53 MB capacity,    17.08 MB ( 97%) used,   405.67 KB (  2%) free+waste,    59.69 KB ( <1%) overhead. 

Virtual space:
  Non-class space:       16.00 MB reserved,      15.50 MB ( 97%) committed 
      Class space:        1.00 GB reserved,       2.25 MB ( <1%) committed 
             Both:        1.02 GB reserved,      17.75 MB (  2%) committed 

Chunk freelists:
   Non-Class:  44.00 KB
       Class:  19.00 KB
        Both:  63.00 KB

MaxMetaspaceSize: 17179869184.00 GB
CompressedClassSpaceSize: 1.00 GB

CodeHeap 'non-profiled nmethods': size=120000Kb used=667Kb max_used=667Kb free=119332Kb
 bounds [0x00000292d9a50000, 0x00000292d9cc0000, 0x00000292e0f80000]
CodeHeap 'profiled nmethods': size=120000Kb used=3690Kb max_used=3690Kb free=116309Kb
 bounds [0x00000292d2520000, 0x00000292d28c0000, 0x00000292d9a50000]
CodeHeap 'non-nmethods': size=5760Kb used=1360Kb max_used=1379Kb free=4399Kb
 bounds [0x00000292d1f80000, 0x00000292d21f0000, 0x00000292d2520000]
 total_blobs=3257 nmethods=1928 adapters=572
 compilation: enabled
              stopped_count=0, restarted_count=0
 full_count=0

Compilation events (20 events):
Event: 0.981 Thread 0x00000292ed5fc800 1923       3       sun.security.provider.MD5::FF (33 bytes)
Event: 0.981 Thread 0x00000292ed5fc800 nmethod 1923 0x00000292d28b9190 code [0x00000292d28b9320, 0x00000292d28b9438]
Event: 0.981 Thread 0x00000292ed5fc800 1924       3       sun.security.provider.MD5::GG (33 bytes)
Event: 0.981 Thread 0x00000292ed5fc800 nmethod 1924 0x00000292d28b9510 code [0x00000292d28b96a0, 0x00000292d28b97b8]
Event: 0.981 Thread 0x00000292ed5fc800 1925       3       sun.security.provider.MD5::HH (29 bytes)
Event: 0.981 Thread 0x00000292ed5fc800 nmethod 1925 0x00000292d28b9890 code [0x00000292d28b9a20, 0x00000292d28b9b38]
Event: 0.981 Thread 0x00000292ed5fc800 1926       3       sun.security.provider.MD5::II (31 bytes)
Event: 0.981 Thread 0x00000292ed5fc800 nmethod 1926 0x00000292d28b9c10 code [0x00000292d28b9da0, 0x00000292d28b9eb8]
Event: 0.981 Thread 0x00000292ed5fc800 1921       3       sun.security.util.math.intpoly.IntegerPolynomial$MutableElement::setAdditiveInverse (5 bytes)
Event: 0.981 Thread 0x00000292f5986800 nmethod 1918 0x00000292d9af3a90 code [0x00000292d9af3c80, 0x00000292d9af4018]
Event: 0.981 Thread 0x00000292f5986800 1914       4       sun.security.util.math.intpoly.IntegerPolynomialP384::reduce (56 bytes)
Event: 0.982 Thread 0x00000292ed5fc800 nmethod 1921 0x00000292d28b9f90 code [0x00000292d28ba140, 0x00000292d28ba398]
Event: 0.982 Thread 0x00000292f5500000 nmethod 1922 0x00000292d9af4210 code [0x00000292d9af4400, 0x00000292d9af4778]
Event: 0.982 Thread 0x00000292f5986800 nmethod 1914 0x00000292d9af4990 code [0x00000292d9af4b40, 0x00000292d9af4ce8]
Event: 0.984 Thread 0x00000292f5500000 1927       4       java.nio.ByteBuffer::position (8 bytes)
Event: 0.985 Thread 0x00000292f5500000 nmethod 1927 0x00000292d9af4e10 code [0x00000292d9af4fc0, 0x00000292d9af50d8]
Event: 0.985 Thread 0x00000292ed5fc800 1928       3       java.util.Arrays::fill (21 bytes)
Event: 0.985 Thread 0x00000292ed5fc800 nmethod 1928 0x00000292d28ba490 code [0x00000292d28ba620, 0x00000292d28ba7b8]
Event: 0.990 Thread 0x00000292ed5fc800 1929       1       java.util.logging.Level::intValue (5 bytes)
Event: 0.990 Thread 0x00000292ed5fc800 nmethod 1929 0x00000292d9af5190 code [0x00000292d9af5320, 0x00000292d9af53f8]

GC Heap History (0 events):
No events

Deoptimization events (20 events):
Event: 0.939 Thread 0x00000292c97ca800 DEOPT PACKING pc=0x00000292d9ae7bbc sp=0x000000b0580fe150
Event: 0.940 Thread 0x00000292c97ca800 DEOPT UNPACKING pc=0x00000292d1fc912f sp=0x000000b0580fe0c8 mode 2
Event: 0.941 Thread 0x00000292c97ca800 DEOPT PACKING pc=0x00000292d2855978 sp=0x000000b0580fe600
Event: 0.941 Thread 0x00000292c97ca800 DEOPT UNPACKING pc=0x00000292d1fc964e sp=0x000000b0580fdab8 mode 0
Event: 0.974 Thread 0x00000292c97ca800 Uncommon trap: trap_request=0xffffffde fr.pc=0x00000292d9af07ec relative=0x000000000000010c
Event: 0.974 Thread 0x00000292c97ca800 Uncommon trap: reason=class_check action=maybe_recompile pc=0x00000292d9af07ec method=sun.security.util.math.intpoly.IntegerPolynomial$MutableElement.setValue(Lsun/security/util/math/IntegerModuloP;)Lsun/security/util/math/intpoly/IntegerPolynomial$Mutabl
Event: 0.974 Thread 0x00000292c97ca800 DEOPT PACKING pc=0x00000292d9af07ec sp=0x000000b0580fe0e0
Event: 0.974 Thread 0x00000292c97ca800 DEOPT UNPACKING pc=0x00000292d1fc912f sp=0x000000b0580fe040 mode 2
Event: 0.974 Thread 0x00000292c97ca800 Uncommon trap: trap_request=0xffffffde fr.pc=0x00000292d9af07ec relative=0x000000000000010c
Event: 0.974 Thread 0x00000292c97ca800 Uncommon trap: reason=class_check action=maybe_recompile pc=0x00000292d9af07ec method=sun.security.util.math.intpoly.IntegerPolynomial$MutableElement.setValue(Lsun/security/util/math/IntegerModuloP;)Lsun/security/util/math/intpoly/IntegerPolynomial$Mutabl
Event: 0.974 Thread 0x00000292c97ca800 DEOPT PACKING pc=0x00000292d9af07ec sp=0x000000b0580fe0e0
Event: 0.974 Thread 0x00000292c97ca800 DEOPT UNPACKING pc=0x00000292d1fc912f sp=0x000000b0580fe040 mode 2
Event: 0.974 Thread 0x00000292c97ca800 Uncommon trap: trap_request=0xffffffde fr.pc=0x00000292d9af07ec relative=0x000000000000010c
Event: 0.974 Thread 0x00000292c97ca800 Uncommon trap: reason=class_check action=maybe_recompile pc=0x00000292d9af07ec method=sun.security.util.math.intpoly.IntegerPolynomial$MutableElement.setValue(Lsun/security/util/math/IntegerModuloP;)Lsun/security/util/math/intpoly/IntegerPolynomial$Mutabl
Event: 0.974 Thread 0x00000292c97ca800 DEOPT PACKING pc=0x00000292d9af07ec sp=0x000000b0580fe0e0
Event: 0.974 Thread 0x00000292c97ca800 DEOPT UNPACKING pc=0x00000292d1fc912f sp=0x000000b0580fe040 mode 2
Event: 0.974 Thread 0x00000292c97ca800 Uncommon trap: trap_request=0xffffffde fr.pc=0x00000292d9af07ec relative=0x000000000000010c
Event: 0.974 Thread 0x00000292c97ca800 Uncommon trap: reason=class_check action=maybe_recompile pc=0x00000292d9af07ec method=sun.security.util.math.intpoly.IntegerPolynomial$MutableElement.setValue(Lsun/security/util/math/IntegerModuloP;)Lsun/security/util/math/intpoly/IntegerPolynomial$Mutabl
Event: 0.974 Thread 0x00000292c97ca800 DEOPT PACKING pc=0x00000292d9af07ec sp=0x000000b0580fe0b0
Event: 0.974 Thread 0x00000292c97ca800 DEOPT UNPACKING pc=0x00000292d1fc912f sp=0x000000b0580fe010 mode 2

Classes unloaded (0 events):
No events

Classes redefined (0 events):
No events

Internal exceptions (20 events):
Event: 0.100 Thread 0x00000292c97ca800 Exception <a 'java/lang/ClassNotFoundException'{0x0000000710ad52e0}: sun/awt/resources/spi/awtProvider> (0x0000000710ad52e0) 
thrown [t:/workspace/open/src/hotspot/share/classfile/systemDictionary.cpp, line 226]
Event: 0.114 Thread 0x00000292c97ca800 Exception <a 'java/io/FileNotFoundException'{0x0000000710924dc0}> (0x0000000710924dc0) 
thrown [t:/workspace/open/src/hotspot/share/prims/jni.cpp, line 599]
Event: 0.119 Thread 0x00000292c97ca800 Exception <a 'java/io/FileNotFoundException'{0x000000071094b210}> (0x000000071094b210) 
thrown [t:/workspace/open/src/hotspot/share/prims/jni.cpp, line 599]
Event: 0.153 Thread 0x00000292ee52e800 Exception <a 'java/lang/NoSuchMethodError'{0x00000007109f1170}: 'void java.lang.invoke.DirectMethodHandle$Holder.invokeSpecial(java.lang.Object, java.lang.Object)'> (0x00000007109f1170) 
thrown [t:/workspace/open/src/hotspot/share/interpreter/linkResolver.cpp, line 766]
Event: 0.354 Thread 0x00000292c97ca800 Exception <a 'java/lang/NoSuchMethodError'{0x000000071081c758}: 'java.lang.Object java.lang.invoke.DirectMethodHandle$Holder.invokeStatic(java.lang.Object, int, java.lang.Object, java.lang.Object, java.lang.Object, java.lang.Object)'> (0x000000071081c758) 
thrown [t:/workspace/open/src/hotspot/share/interpreter/linkResolver.cpp, line 766]
Event: 0.355 Thread 0x00000292c97ca800 Exception <a 'java/lang/NoSuchMethodError'{0x0000000710823078}: 'java.lang.Object java.lang.invoke.DirectMethodHandle$Holder.invokeStatic(java.lang.Object, int, java.lang.Object, java.lang.Object, java.lang.Object)'> (0x0000000710823078) 
thrown [t:/workspace/open/src/hotspot/share/interpreter/linkResolver.cpp, line 766]
Event: 0.355 Thread 0x00000292c97ca800 Exception <a 'java/lang/NoSuchMethodError'{0x00000007108268c8}: 'java.lang.Object java.lang.invoke.DirectMethodHandle$Holder.invokeSpecial(java.lang.Object, java.lang.Object, int, java.lang.Object, java.lang.Object, java.lang.Object)'> (0x00000007108268c8) 
thrown [t:/workspace/open/src/hotspot/share/interpreter/linkResolver.cpp, line 766]
Event: 0.357 Thread 0x00000292c97ca800 Exception <a 'java/lang/NoSuchMethodError'{0x000000071083cc70}: 'java.lang.Object java.lang.invoke.DirectMethodHandle$Holder.invokeStatic(java.lang.Object, int, java.lang.Object)'> (0x000000071083cc70) 
thrown [t:/workspace/open/src/hotspot/share/interpreter/linkResolver.cpp, line 766]
Event: 0.372 Thread 0x00000292c97ca800 Exception <a 'java/lang/ClassNotFoundException'{0x00000007108e0940}: com/sun/swing/internal/plaf/metal/resources/spi/metalProvider> (0x00000007108e0940) 
thrown [t:/workspace/open/src/hotspot/share/classfile/systemDictionary.cpp, line 226]
Event: 0.373 Thread 0x00000292c97ca800 Exception <a 'java/lang/ClassNotFoundException'{0x00000007108e4a08}: com/sun/swing/internal/plaf/basic/resources/spi/basicProvider> (0x00000007108e4a08) 
thrown [t:/workspace/open/src/hotspot/share/classfile/systemDictionary.cpp, line 226]
Event: 0.596 Thread 0x00000292c97ca800 Exception <a 'java/lang/NoSuchMethodError'{0x00000007102456c0}: 'void java.lang.invoke.DirectMethodHandle$Holder.invokeStaticInit(java.lang.Object)'> (0x00000007102456c0) 
thrown [t:/workspace/open/src/hotspot/share/interpreter/linkResolver.cpp, line 766]
Event: 0.601 Thread 0x00000292c97ca800 Exception <a 'java/lang/NoSuchMethodError'{0x000000071026c428}: 'java.lang.Object java.lang.invoke.Invokers$Holder.linkToTargetMethod(java.lang.Object, int, java.lang.Object)'> (0x000000071026c428) 
thrown [t:/workspace/open/src/hotspot/share/interpreter/linkResolver.cpp, line 766]
Event: 0.850 Thread 0x00000292c97ca800 Exception <a 'java/lang/NoSuchMethodError'{0x000000070fd85998}: 'java.lang.Object java.lang.invoke.DirectMethodHandle$Holder.invokeStaticInit(java.lang.Object, int, int, int, int)'> (0x000000070fd85998) 
thrown [t:/workspace/open/src/hotspot/share/interpreter/linkResolver.cpp, line 766]
Event: 0.851 Thread 0x00000292c97ca800 Exception <a 'sun/nio/fs/WindowsException'{0x000000070fd8b030}> (0x000000070fd8b030) 
thrown [t:/workspace/open/src/hotspot/share/prims/jni.cpp, line 599]
Event: 0.851 Thread 0x00000292c97ca800 Exception <a 'java/lang/NoSuchMethodError'{0x000000070fd8c918}: 'int java.lang.invoke.DirectMethodHandle$Holder.invokeSpecialIFC(java.lang.Object, java.lang.Object, int)'> (0x000000070fd8c918) 
thrown [t:/workspace/open/src/hotspot/share/interpreter/linkResolver.cpp, line 766]
Event: 0.857 Thread 0x00000292c97ca800 Exception <a 'java/lang/NoSuchMethodError'{0x000000070fdb6298}: 'int java.lang.invoke.DirectMethodHandle$Holder.invokeStaticInit(java.lang.Object, java.lang.Object, java.lang.Object, java.lang.Object)'> (0x000000070fdb6298) 
thrown [t:/workspace/open/src/hotspot/share/interpreter/linkResolver.cpp, line 766]
Event: 0.858 Thread 0x00000292c97ca800 Exception <a 'java/lang/IncompatibleClassChangeError'{0x000000070fdbe998}: Found class java.lang.Object, but interface was expected> (0x000000070fdbe998) 
thrown [t:/workspace/open/src/hotspot/share/interpreter/linkResolver.cpp, line 832]
Event: 0.858 Thread 0x00000292c97ca800 Exception <a 'java/lang/NoSuchMethodError'{0x000000070fdc1518}: 'void java.lang.invoke.DirectMethodHandle$Holder.invokeStaticInit(java.lang.Object, java.lang.Object)'> (0x000000070fdc1518) 
thrown [t:/workspace/open/src/hotspot/share/interpreter/linkResolver.cpp, line 766]
Event: 0.858 Thread 0x00000292c97ca800 Exception <a 'java/lang/NoSuchMethodError'{0x000000070fdc6278}: 'int java.lang.invoke.DirectMethodHandle$Holder.invokeStaticInit(java.lang.Object, java.lang.Object)'> (0x000000070fdc6278) 
thrown [t:/workspace/open/src/hotspot/share/interpreter/linkResolver.cpp, line 766]
Event: 0.911 Thread 0x00000292c97ca800 Exception <a 'java/lang/NoSuchMethodError'{0x000000070fbd6080}: 'java.lang.Object java.lang.invoke.DirectMethodHandle$Holder.invokeStaticInit(java.lang.Object, java.lang.Object, int, int, int, int)'> (0x000000070fbd6080) 
thrown [t:/workspace/open/src/hotspot/share/interpreter/linkResolver.cpp, line 766]

Events (20 events):
Event: 0.981 loading class javax/crypto/Mac done
Event: 0.981 loading class com/sun/crypto/provider/HmacSHA1
Event: 0.981 loading class com/sun/crypto/provider/HmacCore
Event: 0.981 loading class javax/crypto/MacSpi
Event: 0.981 loading class javax/crypto/MacSpi done
Event: 0.981 loading class com/sun/crypto/provider/HmacCore done
Event: 0.981 loading class com/sun/crypto/provider/HmacSHA1 done
Event: 0.982 loading class sun/security/ssl/SSLCipher$T10BlockWriteCipherGenerator$BlockWriteCipher
Event: 0.982 loading class sun/security/ssl/SSLCipher$T10BlockWriteCipherGenerator$BlockWriteCipher done
Event: 0.984 loading class sun/security/ssl/SSLCipher$T10BlockReadCipherGenerator$BlockReadCipher
Event: 0.984 loading class sun/security/ssl/SSLCipher$T10BlockReadCipherGenerator$BlockReadCipher done
Event: 0.984 loading class java/lang/StrictMath
Event: 0.984 loading class java/lang/StrictMath done
Event: 0.985 loading class jdk/internal/event/TLSHandshakeEvent
Event: 0.985 loading class jdk/internal/event/TLSHandshakeEvent done
Event: 0.985 loading class javax/net/ssl/SSLEngineResult$HandshakeStatus
Event: 0.985 loading class javax/net/ssl/SSLEngineResult$HandshakeStatus done
Event: 0.987 Loaded shared library C:\Program Files\Java\jdk-14\bin\sqljdbc_auth.dll
Event: 0.992 loading class java/net/InetAddress$CachedLocalHost
Event: 0.992 loading class java/net/InetAddress$CachedLocalHost done


Dynamic libraries:
0x00007ff7e2d30000 - 0x00007ff7e2d3f000 	C:\Program Files\Java\jdk-14\bin\java.exe
0x00007ff9c2f10000 - 0x00007ff9c3108000 	C:\WINDOWS\SYSTEM32\ntdll.dll
0x00007ff9c2260000 - 0x00007ff9c231f000 	C:\WINDOWS\System32\KERNEL32.DLL
0x00007ff9c0820000 - 0x00007ff9c0af2000 	C:\WINDOWS\System32\KERNELBASE.dll
0x00007ff9c0e30000 - 0x00007ff9c0f30000 	C:\WINDOWS\System32\ucrtbase.dll
0x00007ff9a6320000 - 0x00007ff9a6335000 	C:\Program Files\Java\jdk-14\bin\VCRUNTIME140.dll
0x00007ff9a87d0000 - 0x00007ff9a87e8000 	C:\Program Files\Java\jdk-14\bin\jli.dll
0x00007ff9c29a0000 - 0x00007ff9c2a4e000 	C:\WINDOWS\System32\ADVAPI32.dll
0x00007ff9c21c0000 - 0x00007ff9c225e000 	C:\WINDOWS\System32\msvcrt.dll
0x00007ff9c2c00000 - 0x00007ff9c2c9c000 	C:\WINDOWS\System32\sechost.dll
0x00007ff9c16b0000 - 0x00007ff9c17d4000 	C:\WINDOWS\System32\RPCRT4.dll
0x00007ff9c2520000 - 0x00007ff9c26c1000 	C:\WINDOWS\System32\USER32.dll
0x00007ff9a9120000 - 0x00007ff9a93ba000 	C:\WINDOWS\WinSxS\amd64_microsoft.windows.common-controls_6595b64144ccf1df_6.0.19041.1110_none_60b5254171f9507e\COMCTL32.dll
0x00007ff9c0f30000 - 0x00007ff9c0f52000 	C:\WINDOWS\System32\win32u.dll
0x00007ff9c1c60000 - 0x00007ff9c1c8b000 	C:\WINDOWS\System32\GDI32.dll
0x00007ff9c0710000 - 0x00007ff9c081f000 	C:\WINDOWS\System32\gdi32full.dll
0x00007ff9c0d90000 - 0x00007ff9c0e2d000 	C:\WINDOWS\System32\msvcp_win.dll
0x00007ff9bade0000 - 0x00007ff9badea000 	C:\WINDOWS\SYSTEM32\VERSION.dll
0x00007ff9c2320000 - 0x00007ff9c2350000 	C:\WINDOWS\System32\IMM32.DLL
0x00007ff98d8e0000 - 0x00007ff98d97b000 	C:\Program Files\Java\jdk-14\bin\msvcp140.dll
0x00007ff94fd30000 - 0x00007ff95084f000 	C:\Program Files\Java\jdk-14\bin\server\jvm.dll
0x00007ff9c1c50000 - 0x00007ff9c1c58000 	C:\WINDOWS\System32\PSAPI.DLL
0x00007ff9a86c0000 - 0x00007ff9a86c9000 	C:\WINDOWS\SYSTEM32\WSOCK32.dll
0x00007ff9ad5b0000 - 0x00007ff9ad5d7000 	C:\WINDOWS\SYSTEM32\WINMM.dll
0x00007ff9c28d0000 - 0x00007ff9c293b000 	C:\WINDOWS\System32\WS2_32.dll
0x00007ff9be4f0000 - 0x00007ff9be502000 	C:\WINDOWS\SYSTEM32\kernel.appcore.dll
0x00007ff9a8680000 - 0x00007ff9a868a000 	C:\Program Files\Java\jdk-14\bin\jimage.dll
0x00007ff9aa240000 - 0x00007ff9aa424000 	C:\WINDOWS\SYSTEM32\DBGHELP.DLL
0x00007ff9a33c0000 - 0x00007ff9a33f5000 	C:\WINDOWS\SYSTEM32\dbgcore.DLL
0x00007ff9c0b00000 - 0x00007ff9c0b82000 	C:\WINDOWS\System32\bcryptPrimitives.dll
0x00007ff99cd50000 - 0x00007ff99cd75000 	C:\Program Files\Java\jdk-14\bin\java.dll
0x00007ff9a4b10000 - 0x00007ff9a4b27000 	C:\Program Files\Java\jdk-14\bin\zip.dll
0x00007ff9c0f60000 - 0x00007ff9c16a5000 	C:\WINDOWS\System32\SHELL32.dll
0x00007ff9be6f0000 - 0x00007ff9bee82000 	C:\WINDOWS\SYSTEM32\windows.storage.dll
0x00007ff9c1dc0000 - 0x00007ff9c2115000 	C:\WINDOWS\System32\combase.dll
0x00007ff9c0070000 - 0x00007ff9c00a0000 	C:\WINDOWS\SYSTEM32\Wldp.dll
0x00007ff9c2730000 - 0x00007ff9c27dd000 	C:\WINDOWS\System32\SHCORE.dll
0x00007ff9c26d0000 - 0x00007ff9c2725000 	C:\WINDOWS\System32\shlwapi.dll
0x00007ff9c0550000 - 0x00007ff9c056f000 	C:\WINDOWS\SYSTEM32\profapi.dll
0x00007ff9a3f20000 - 0x00007ff9a3f39000 	C:\Program Files\Java\jdk-14\bin\net.dll
0x00007ff9b9a90000 - 0x00007ff9b9b9a000 	C:\WINDOWS\SYSTEM32\WINHTTP.dll
0x00007ff9bfdd0000 - 0x00007ff9bfe3a000 	C:\WINDOWS\system32\mswsock.dll
0x00007ff9a3d50000 - 0x00007ff9a3d62000 	C:\Program Files\Java\jdk-14\bin\nio.dll
0x00007ff984af0000 - 0x00007ff984c88000 	C:\Program Files\Java\jdk-14\bin\awt.dll
0x00007ff9c1c90000 - 0x00007ff9c1d5d000 	C:\WINDOWS\System32\OLEAUT32.dll
0x00007ff9bdf20000 - 0x00007ff9bdfb0000 	C:\WINDOWS\SYSTEM32\apphelp.dll
0x00007ff9be3e0000 - 0x00007ff9be40f000 	C:\WINDOWS\system32\DWMAPI.DLL
0x00007ff9be020000 - 0x00007ff9be0be000 	C:\WINDOWS\system32\uxtheme.dll
0x00007ff95d9b0000 - 0x00007ff95dad5000 	C:\WINDOWS\system32\opengl32.dll
0x00007ff99cd20000 - 0x00007ff99cd4c000 	C:\WINDOWS\SYSTEM32\GLU32.dll
0x00007ff9c2ca0000 - 0x00007ff9c2db4000 	C:\WINDOWS\System32\MSCTF.dll
0x00007ff9c23e0000 - 0x00007ff9c250a000 	C:\WINDOWS\System32\ole32.dll
0x00007ff988810000 - 0x00007ff9889de000 	C:\WINDOWS\system32\d3d9.dll
0x00007ff9b6770000 - 0x00007ff9b682d000 	C:\WINDOWS\System32\DriverStore\FileRepository\nv_dispig.inf_amd64_50916785244854f2\nvldumdx.dll
0x00007ff9c0200000 - 0x00007ff9c0212000 	C:\WINDOWS\SYSTEM32\msasn1.dll
0x00007ff9ba960000 - 0x00007ff9ba991000 	C:\WINDOWS\SYSTEM32\cryptnet.dll
0x00007ff9c0c00000 - 0x00007ff9c0d56000 	C:\WINDOWS\System32\CRYPT32.dll
0x00007ff9b9830000 - 0x00007ff9b9978000 	C:\WINDOWS\SYSTEM32\drvstore.dll
0x00007ff9c03c0000 - 0x00007ff9c03ec000 	C:\WINDOWS\SYSTEM32\devobj.dll
0x00007ff9c0610000 - 0x00007ff9c065e000 	C:\WINDOWS\System32\cfgmgr32.dll
0x00007ff9bffe0000 - 0x00007ff9bffec000 	C:\WINDOWS\SYSTEM32\cryptbase.dll
0x00007ff9c0b90000 - 0x00007ff9c0bf9000 	C:\WINDOWS\System32\WINTRUST.DLL
0x00007ff9c21a0000 - 0x00007ff9c21bd000 	C:\WINDOWS\System32\imagehlp.dll
0x00007ff9bffc0000 - 0x00007ff9bffd8000 	C:\WINDOWS\SYSTEM32\CRYPTSP.dll
0x00007ff9bf610000 - 0x00007ff9bf644000 	C:\WINDOWS\system32\rsaenh.dll
0x00007ff9c0d60000 - 0x00007ff9c0d87000 	C:\WINDOWS\System32\bcrypt.dll
0x00007ff93c310000 - 0x00007ff93f206000 	C:\WINDOWS\System32\DriverStore\FileRepository\nv_dispig.inf_amd64_50916785244854f2\nvd3dumx.dll
0x00007ff954500000 - 0x00007ff9547d1000 	C:\WINDOWS\system32\nvspcap64.dll
0x00007ff9bf730000 - 0x00007ff9bf763000 	C:\WINDOWS\SYSTEM32\ntmarta.dll
0x00007ff9beea0000 - 0x00007ff9beec3000 	C:\WINDOWS\SYSTEM32\gpapi.dll
0x00007ff9b6d30000 - 0x00007ff9b6d6b000 	C:\WINDOWS\SYSTEM32\dxcore.dll
0x00007ff989810000 - 0x00007ff989892000 	C:\Program Files\Java\jdk-14\bin\freetype.dll
0x00007ff983bc0000 - 0x00007ff983c66000 	C:\Program Files\Java\jdk-14\bin\fontmanager.dll
0x00007ff9c2e20000 - 0x00007ff9c2ec9000 	C:\WINDOWS\System32\clbcatq.dll
0x00007ff9ba6e0000 - 0x00007ff9ba894000 	C:\WINDOWS\SYSTEM32\WindowsCodecs.dll
0x00007ff986b80000 - 0x00007ff986bbe000 	C:\WINDOWS\system32\dataexchange.dll
0x00007ff9bd2a0000 - 0x00007ff9bd483000 	C:\WINDOWS\system32\dcomp.dll
0x00007ff9bc330000 - 0x00007ff9bc593000 	C:\WINDOWS\system32\d3d11.dll
0x00007ff9beed0000 - 0x00007ff9befc3000 	C:\WINDOWS\system32\dxgi.dll
0x00007ff9babe0000 - 0x00007ff9bade0000 	C:\WINDOWS\system32\twinapi.appcore.dll
0x00007ff9bfa90000 - 0x00007ff9bfb5b000 	C:\WINDOWS\SYSTEM32\DNSAPI.dll
0x00007ff9bfa50000 - 0x00007ff9bfa8b000 	C:\WINDOWS\SYSTEM32\IPHLPAPI.DLL
0x00007ff9c28c0000 - 0x00007ff9c28c8000 	C:\WINDOWS\System32\NSI.dll
0x00007ff9ba940000 - 0x00007ff9ba94a000 	C:\Windows\System32\rasadhlp.dll
0x00007ff9b6d70000 - 0x00007ff9b6df0000 	C:\WINDOWS\System32\fwpuclnt.dll
0x00007ff9a87c0000 - 0x00007ff9a87ce000 	C:\Program Files\Java\jdk-14\bin\sunmscapi.dll
0x00007ff9c00e0000 - 0x00007ff9c0107000 	C:\WINDOWS\SYSTEM32\ncrypt.dll
0x00007ff9c00a0000 - 0x00007ff9c00db000 	C:\WINDOWS\SYSTEM32\NTASN1.dll
0x00007ff9a8760000 - 0x00007ff9a8785000 	C:\Program Files\Java\jdk-14\bin\sunec.dll
0x00007ff9c0510000 - 0x00007ff9c053e000 	C:\WINDOWS\SYSTEM32\USERENV.dll
0x00007ff9bae70000 - 0x00007ff9bae87000 	C:\WINDOWS\SYSTEM32\dhcpcsvc6.DLL
0x00007ff9bae50000 - 0x00007ff9bae6d000 	C:\WINDOWS\SYSTEM32\dhcpcsvc.DLL
0x00007ff9a8710000 - 0x00007ff9a875b000 	C:\Program Files\Java\jdk-14\bin\sqljdbc_auth.dll
0x00007ff9a73f0000 - 0x00007ff9a73fc000 	C:\WINDOWS\system32\secur32.dll
0x00007ff9c04d0000 - 0x00007ff9c0502000 	C:\WINDOWS\SYSTEM32\SSPICLI.DLL
0x00007ff9bfea0000 - 0x00007ff9bffb8000 	C:\WINDOWS\system32\kerberos.DLL
0x00007ff9bfd40000 - 0x00007ff9bfdcb000 	C:\WINDOWS\system32\msv1_0.DLL
0x00007ff9bfd20000 - 0x00007ff9bfd34000 	C:\WINDOWS\SYSTEM32\NtlmShared.dll
0x00007ff9bfe40000 - 0x00007ff9bfe55000 	C:\WINDOWS\SYSTEM32\cryptdll.dll
0x00007ff99d5a0000 - 0x00007ff99d5ca000 	C:\WINDOWS\system32\ntdsapi.dll
0x00007ff9895a0000 - 0x00007ff9895b7000 	C:\WINDOWS\system32\napinsp.dll
0x00007ff989060000 - 0x00007ff98907b000 	C:\WINDOWS\system32\pnrpnsp.dll
0x00007ff9bb7e0000 - 0x00007ff9bb7f5000 	C:\WINDOWS\system32\wshbth.dll
0x00007ff9bc030000 - 0x00007ff9bc04d000 	C:\WINDOWS\system32\NLAapi.dll
0x00007ff985400000 - 0x00007ff985412000 	C:\WINDOWS\System32\winrnr.dll

dbghelp: loaded successfully - version: 4.0.5 - missing functions: none
symbol engine: initialized successfully - sym options: 0x614 - pdb path: .;C:\Program Files\Java\jdk-14\bin;C:\WINDOWS\SYSTEM32;C:\WINDOWS\WinSxS\amd64_microsoft.windows.common-controls_6595b64144ccf1df_6.0.19041.1110_none_60b5254171f9507e;C:\Program Files\Java\jdk-14\bin\server;C:\WINDOWS\System32\DriverStore\FileRepository\nv_dispig.inf_amd64_50916785244854f2

VM Arguments:
jvm_args: -Dfile.encoding=UTF-8 --module-path=C:\Users\User\Desktop\drugstore-main\drugstore-main\DrugStore\build\classes 
java_command: drugstore.DrugStore
java_class_path (initial): C:\Program Files\NetBeans-17\netbeans\java\modules\ext\AbsoluteLayout.jar;C:\Users\User\Desktop\sqljdbc4-2.0.jar;D:\Ph?n M?m\Zalo\Zalo Received Files;C:\Users\User\Desktop\drugstore-main\drugstore-main\DrugStore\build\classes
Launcher Type: SUN_STANDARD

[Global flags]
     intx CICompilerCount                          = 4                                         {product} {ergonomic}
     uint ConcGCThreads                            = 2                                         {product} {ergonomic}
     uint G1ConcRefinementThreads                  = 8                                         {product} {ergonomic}
   size_t G1HeapRegionSize                         = 1048576                                   {product} {ergonomic}
    uintx GCDrainStackTargetSize                   = 64                                        {product} {ergonomic}
   size_t InitialHeapSize                          = 268435456                                 {product} {ergonomic}
   size_t MarkStackSize                            = 4194304                                   {product} {ergonomic}
   size_t MaxHeapSize                              = 4282384384                                {product} {ergonomic}
   size_t MaxNewSize                               = 2569011200                                {product} {ergonomic}
   size_t MinHeapDeltaBytes                        = 1048576                                   {product} {ergonomic}
   size_t MinHeapSize                              = 8388608                                   {product} {ergonomic}
    uintx NonNMethodCodeHeapSize                   = 5839372                                {pd product} {ergonomic}
    uintx NonProfiledCodeHeapSize                  = 122909434                              {pd product} {ergonomic}
    uintx ProfiledCodeHeapSize                     = 122909434                              {pd product} {ergonomic}
    uintx ReservedCodeCacheSize                    = 251658240                              {pd product} {ergonomic}
     bool SegmentedCodeCache                       = true                                      {product} {ergonomic}
   size_t SoftMaxHeapSize                          = 4282384384                             {manageable} {ergonomic}
     bool UseCompressedClassPointers               = true                                 {lp64_product} {ergonomic}
     bool UseCompressedOops                        = true                                 {lp64_product} {ergonomic}
     bool UseG1GC                                  = true                                      {product} {ergonomic}
     bool UseLargePagesIndividualAllocation        = false                                  {pd product} {ergonomic}

Logging:
Log output configuration:
 #0: stdout all=warning uptime,level,tags
 #1: stderr all=off uptime,level,tags

Environment Variables:
PATH=C:\Windows\system32;C:\Windows;C:\Windows\System32\Wbem;C:\Windows\System32\WindowsPowerShell\v1.0\;C:\Windows\System32\OpenSSH\;C:\Program Files (x86)\NVIDIA Corporation\PhysX\Common;C:\Program Files\NVIDIA Corporation\NVIDIA NvDLISR;C:\WINDOWS\system32;C:\WINDOWS;C:\WINDOWS\System32\Wbem;C:\WINDOWS\System32\WindowsPowerShell\v1.0\;C:\WINDOWS\System32\OpenSSH\;D:\DevC\Dev-Cpp\MinGW64\bin;C:\Program Files\Microsoft SQL Server\Client SDK\ODBC\170\Tools\Binn\;C:\Program Files\Azure Data Studio\bin;C:\Program Files\dotnet\;C:\Program Files (x86)\Microsoft SQL Server\160\Tools\Binn\;C:\Program Files\Microsoft SQL Server\160\Tools\Binn\;C:\Program Files\Microsoft SQL Server\160\DTS\Binn\;C:\Program Files (x86)\Microsoft SQL Server\160\DTS\Binn\;C:\Users\User\AppData\Local\Microsoft\WindowsApps;C:\Users\User\AppData\Local\Programs\Microsoft VS Code\bin;D:\DevC\Dev-Cpp\MinGW64\bin\g++.exe;;C:\Program Files\Azure Data Studio\bin;C:\Users\User\.dotnet\tools
USERNAME=User
OS=Windows_NT
PROCESSOR_IDENTIFIER=Intel64 Family 6 Model 94 Stepping 3, GenuineIntel



---------------  S Y S T E M  ---------------

OS: Windows 10 , 64 bit Build 19041 (10.0.19041.2546)
OS uptime: 0 days 7:55 hours

CPU:total 8 (initial active 8) (4 cores per cpu, 2 threads per core) family 6 model 94 stepping 3, cmov, cx8, fxsr, mmx, sse, sse2, sse3, ssse3, sse4.1, sse4.2, popcnt, avx, avx2, aes, clmul, erms, rtm, 3dnowpref, lzcnt, ht, tsc, tscinvbit, bmi1, bmi2, adx, fma

Memory: 4k page, system-wide physical 16334M (9013M free)
TotalPageFile size 18766M (AvailPageFile size 6838M)
current process WorkingSet (physical memory assigned to process): 113M, peak: 113M
current process commit charge ("private bytes"): 401M, peak: 401M

vm_info: Java HotSpot(TM) 64-Bit Server VM (14+36-1461) for windows-amd64 JRE (14+36-1461), built on Feb  6 2020 19:08:04 by "mach5one" with MS VC++ 15.9 (VS2017)

END.
